2026-04-25 22:04:12.126 | INFO     | experimental_utils:run_unicsl:356 - ===== LOGGER =====
2026-04-25 22:04:12.126 | INFO     | experimental_utils:run_unicsl:357 - logger path: unicsl_logs/unicsl_nd8/unicsl_nd8.log
2026-04-25 22:04:12.126 | INFO     | experimental_utils:run_unicsl:375 - {'learning_rate': 0.0003, 'pred_len': 1, 'lag': 1, 'eval_var_batch_size': 8, 'reconstruction_epochs': 1000, 'joint_epochs': 2000, 'stop_epoch': 3000, 'cuda_device': 'cuda:0', 'print_freq': 50, 'n_encoder_layers': 6, 'n_encoder_channels': 20, 'n_kernel_size': 8}
2026-04-25 22:04:12.127 | INFO     | experimental_utils:run_unicsl:384 - data length: 2000
2026-04-25 22:04:12.127 | INFO     | experimental_utils:run_unicsl:386 - ***** SEED 0 *****
2026-04-25 22:04:12.709 | INFO     | experimental_utils:run_unicsl:393 - training model params
2026-04-25 22:04:13.818 | INFO     | experimental_utils:run_unicsl:407 - RECONSTRUCTION STAGE
2026-04-25 22:04:14.164 | INFO     | experimental_utils:run_unicsl:475 - [   1] train: 1.57348 0.00000 1.28662 0.28687 | val: 1.073189 |  0
2026-04-25 22:04:15.222 | INFO     | experimental_utils:run_unicsl:475 - [  51] train: 0.49665 0.00000 0.22555 0.27110 | val: 0.171507 |  0
2026-04-25 22:04:16.260 | INFO     | experimental_utils:run_unicsl:475 - [ 101] train: 0.38810 0.00000 0.13559 0.25251 | val: 0.094690 |  0
2026-04-25 22:04:17.308 | INFO     | experimental_utils:run_unicsl:475 - [ 151] train: 0.33918 0.00000 0.10566 0.23351 | val: 0.069393 |  0
2026-04-25 22:04:18.358 | INFO     | experimental_utils:run_unicsl:475 - [ 201] train: 0.30327 0.00000 0.08947 0.21380 | val: 0.059368 |  4
2026-04-25 22:04:19.402 | INFO     | experimental_utils:run_unicsl:475 - [ 251] train: 0.26990 0.00000 0.07589 0.19401 | val: 0.054729 |  3
2026-04-25 22:04:20.421 | INFO     | experimental_utils:run_unicsl:475 - [ 301] train: 0.24320 0.00000 0.06923 0.17397 | val: 0.047659 |  0
2026-04-25 22:04:21.434 | INFO     | experimental_utils:run_unicsl:475 - [ 351] train: 0.21739 0.00000 0.06364 0.15374 | val: 0.044415 |  6
2026-04-25 22:04:22.446 | INFO     | experimental_utils:run_unicsl:475 - [ 401] train: 0.19273 0.00000 0.05934 0.13339 | val: 0.040363 |  4
2026-04-25 22:04:23.468 | INFO     | experimental_utils:run_unicsl:475 - [ 451] train: 0.16819 0.00000 0.05504 0.11314 | val: 0.037581 |  1
2026-04-25 22:04:24.486 | INFO     | experimental_utils:run_unicsl:475 - [ 501] train: 0.14512 0.00000 0.05201 0.09311 | val: 0.034022 | 10
2026-04-25 22:04:25.500 | INFO     | experimental_utils:run_unicsl:475 - [ 551] train: 0.12100 0.00000 0.04791 0.07309 | val: 0.031213 |  8
2026-04-25 22:04:26.524 | INFO     | experimental_utils:run_unicsl:475 - [ 601] train: 0.10527 0.00000 0.04509 0.06017 | val: 0.027744 |  4
2026-04-25 22:04:27.548 | INFO     | experimental_utils:run_unicsl:475 - [ 651] train: 0.09625 0.00000 0.04120 0.05505 | val: 0.024610 |  5
2026-04-25 22:04:28.592 | INFO     | experimental_utils:run_unicsl:475 - [ 701] train: 0.09083 0.00000 0.04064 0.05020 | val: 0.022957 |  5
2026-04-25 22:04:29.637 | INFO     | experimental_utils:run_unicsl:475 - [ 751] train: 0.08325 0.00000 0.03772 0.04553 | val: 0.019579 |  4
2026-04-25 22:04:30.673 | INFO     | experimental_utils:run_unicsl:475 - [ 801] train: 0.07682 0.00000 0.03562 0.04120 | val: 0.016905 |  0
2026-04-25 22:04:31.709 | INFO     | experimental_utils:run_unicsl:475 - [ 851] train: 0.07080 0.00000 0.03351 0.03729 | val: 0.015710 |  0
2026-04-25 22:04:32.746 | INFO     | experimental_utils:run_unicsl:475 - [ 901] train: 0.06662 0.00000 0.03299 0.03363 | val: 0.014092 |  6
2026-04-25 22:04:33.791 | INFO     | experimental_utils:run_unicsl:475 - [ 951] train: 0.06185 0.00000 0.03147 0.03038 | val: 0.013073 | 19
2026-04-25 22:04:34.817 | INFO     | experimental_utils:run_unicsl:475 - [1000] train: 0.05900 0.00000 0.03161 0.02739 | val: 0.014282 | 14
2026-04-25 22:04:34.817 | INFO     | experimental_utils:run_unicsl:479 - JOINT STAGE
2026-04-25 22:04:34.863 | INFO     | experimental_utils:run_unicsl:552 - [1001] train: 1.03909 0.97265 0.03095 0.03548 | val: 0.970466 |  0
2026-04-25 22:04:36.565 | INFO     | experimental_utils:run_unicsl:552 - [1051] train: 0.36513 0.27419 0.04989 0.04105 | val: 0.221495 |  0
2026-04-25 22:04:38.275 | INFO     | experimental_utils:run_unicsl:552 - [1101] train: 0.26504 0.18506 0.03827 0.04171 | val: 0.148526 |  0
2026-04-25 22:04:39.988 | INFO     | experimental_utils:run_unicsl:552 - [1151] train: 0.21757 0.13967 0.03631 0.04159 | val: 0.107803 |  0
2026-04-25 22:04:41.696 | INFO     | experimental_utils:run_unicsl:552 - [1201] train: 0.18808 0.11270 0.03443 0.04096 | val: 0.089065 |  3
2026-04-25 22:04:43.401 | INFO     | experimental_utils:run_unicsl:552 - [1251] train: 0.17592 0.10233 0.03355 0.04004 | val: 0.078504 |  4
2026-04-25 22:04:45.099 | INFO     | experimental_utils:run_unicsl:552 - [1301] train: 0.16650 0.09444 0.03308 0.03898 | val: 0.071332 |  4
2026-04-25 22:04:46.783 | INFO     | experimental_utils:run_unicsl:552 - [1351] train: 0.16126 0.09047 0.03292 0.03788 | val: 0.067520 | 13
2026-04-25 22:04:48.484 | INFO     | experimental_utils:run_unicsl:552 - [1401] train: 0.15361 0.08742 0.02945 0.03674 | val: 0.065817 |  2
2026-04-25 22:04:50.201 | INFO     | experimental_utils:run_unicsl:552 - [1451] train: 0.14962 0.08477 0.02926 0.03559 | val: 0.061695 |  0
2026-04-25 22:04:51.897 | INFO     | experimental_utils:run_unicsl:552 - [1501] train: 0.14493 0.08179 0.02868 0.03446 | val: 0.063613 |  2
2026-04-25 22:04:53.577 | INFO     | experimental_utils:run_unicsl:552 - [1551] train: 0.14218 0.08052 0.02826 0.03340 | val: 0.060824 |  4
2026-04-25 22:04:55.243 | INFO     | experimental_utils:run_unicsl:552 - [1601] train: 0.14036 0.08018 0.02797 0.03221 | val: 0.058860 |  0
2026-04-25 22:04:56.908 | INFO     | experimental_utils:run_unicsl:552 - [1651] train: 0.13663 0.07888 0.02666 0.03109 | val: 0.058320 |  1
2026-04-25 22:04:58.588 | INFO     | experimental_utils:run_unicsl:552 - [1701] train: 0.13334 0.07612 0.02711 0.03012 | val: 0.057670 |  4
2026-04-25 22:05:00.298 | INFO     | experimental_utils:run_unicsl:552 - [1751] train: 0.13097 0.07583 0.02610 0.02904 | val: 0.057402 | 11
2026-04-25 22:05:02.005 | INFO     | experimental_utils:run_unicsl:552 - [1801] train: 0.13159 0.07744 0.02594 0.02821 | val: 0.057457 |  7
2026-04-25 22:05:03.703 | INFO     | experimental_utils:run_unicsl:552 - [1851] train: 0.12787 0.07496 0.02555 0.02736 | val: 0.055918 |  1
2026-04-25 22:05:05.401 | INFO     | experimental_utils:run_unicsl:552 - [1901] train: 0.12645 0.07521 0.02468 0.02656 | val: 0.055720 |  1
2026-04-25 22:05:07.069 | INFO     | experimental_utils:run_unicsl:552 - [1951] train: 0.12462 0.07361 0.02520 0.02580 | val: 0.056231 |  8
2026-04-25 22:05:08.743 | INFO     | experimental_utils:run_unicsl:552 - [2001] train: 0.12341 0.07312 0.02525 0.02504 | val: 0.055327 |  6
2026-04-25 22:05:10.411 | INFO     | experimental_utils:run_unicsl:552 - [2051] train: 0.12218 0.07311 0.02461 0.02446 | val: 0.054696 |  3
2026-04-25 22:05:12.070 | INFO     | experimental_utils:run_unicsl:552 - [2101] train: 0.11916 0.07194 0.02341 0.02382 | val: 0.054255 | 13
2026-04-25 22:05:13.722 | INFO     | experimental_utils:run_unicsl:552 - [2151] train: 0.11709 0.07107 0.02272 0.02330 | val: 0.054476 | 11
2026-04-25 22:05:15.378 | INFO     | experimental_utils:run_unicsl:552 - [2201] train: 0.11799 0.07209 0.02310 0.02280 | val: 0.055372 | 14
2026-04-25 22:05:17.040 | INFO     | experimental_utils:run_unicsl:552 - [2251] train: 0.11485 0.06999 0.02253 0.02234 | val: 0.053909 | 12
2026-04-25 22:05:18.695 | INFO     | experimental_utils:run_unicsl:552 - [2301] train: 0.11577 0.07120 0.02280 0.02178 | val: 0.053502 | 14
2026-04-25 22:05:20.362 | INFO     | experimental_utils:run_unicsl:552 - [2351] train: 0.11300 0.06976 0.02182 0.02142 | val: 0.053406 | 12
2026-04-25 22:05:22.014 | INFO     | experimental_utils:run_unicsl:552 - [2401] train: 0.11081 0.06826 0.02146 0.02108 | val: 0.052766 | 10
2026-04-25 22:05:23.677 | INFO     | experimental_utils:run_unicsl:552 - [2451] train: 0.11161 0.06970 0.02118 0.02073 | val: 0.052730 | 40
2026-04-25 22:05:25.374 | INFO     | experimental_utils:run_unicsl:552 - [2501] train: 0.11009 0.06843 0.02129 0.02037 | val: 0.052656 | 23
2026-04-25 22:05:27.074 | INFO     | experimental_utils:run_unicsl:552 - [2551] train: 0.10974 0.06845 0.02123 0.02006 | val: 0.052262 | 26
2026-04-25 22:05:28.763 | INFO     | experimental_utils:run_unicsl:552 - [2601] train: 0.10738 0.06722 0.02039 0.01977 | val: 0.051583 |  8
2026-04-25 22:05:30.462 | INFO     | experimental_utils:run_unicsl:552 - [2651] train: 0.10720 0.06739 0.02041 0.01939 | val: 0.051740 | 14
2026-04-25 22:05:32.171 | INFO     | experimental_utils:run_unicsl:552 - [2701] train: 0.10848 0.06815 0.02113 0.01920 | val: 0.051295 | 14
2026-04-25 22:05:33.877 | INFO     | experimental_utils:run_unicsl:552 - [2751] train: 0.10632 0.06722 0.02016 0.01894 | val: 0.051144 |  5
2026-04-25 22:05:35.587 | INFO     | experimental_utils:run_unicsl:552 - [2801] train: 0.10480 0.06585 0.02028 0.01867 | val: 0.050418 |  0
2026-04-25 22:05:37.288 | INFO     | experimental_utils:run_unicsl:552 - [2851] train: 0.10494 0.06658 0.01991 0.01844 | val: 0.050910 | 49
2026-04-25 22:05:38.982 | INFO     | experimental_utils:run_unicsl:552 - [2901] train: 0.10375 0.06598 0.01954 0.01823 | val: 0.050215 | 17
2026-04-25 22:05:40.675 | INFO     | experimental_utils:run_unicsl:552 - [2951] train: 0.10457 0.06601 0.02055 0.01801 | val: 0.050152 | 11
2026-04-25 22:05:42.339 | INFO     | experimental_utils:run_unicsl:552 - [3000] train: 0.10109 0.06420 0.01903 0.01786 | val: 0.049409 |  9
2026-04-25 22:05:42.454 | INFO     | experimental_utils:run_unicsl:356 - ===== LOGGER =====
2026-04-25 22:05:42.454 | INFO     | experimental_utils:run_unicsl:357 - logger path: unicsl_logs/unicsl_nd8/unicsl_nd8.log
2026-04-25 22:05:42.454 | INFO     | experimental_utils:run_unicsl:375 - {'learning_rate': 0.0003, 'pred_len': 1, 'lag': 1, 'eval_var_batch_size': 8, 'reconstruction_epochs': 1000, 'joint_epochs': 2000, 'stop_epoch': 3000, 'cuda_device': 'cuda:0', 'print_freq': 50, 'n_encoder_layers': 6, 'n_encoder_channels': 20, 'n_kernel_size': 8}
2026-04-25 22:05:42.454 | INFO     | experimental_utils:run_unicsl:384 - data length: 2000
2026-04-25 22:05:42.454 | INFO     | experimental_utils:run_unicsl:386 - ***** SEED 0 *****
2026-04-25 22:05:42.786 | INFO     | experimental_utils:run_unicsl:393 - training model params
2026-04-25 22:05:42.790 | INFO     | experimental_utils:run_unicsl:407 - RECONSTRUCTION STAGE
2026-04-25 22:05:42.814 | INFO     | experimental_utils:run_unicsl:475 - [   1] train: 1.57190 0.00000 1.28503 0.28687 | val: 1.073344 |  0
2026-04-25 22:05:43.864 | INFO     | experimental_utils:run_unicsl:475 - [  51] train: 0.49085 0.00000 0.21974 0.27111 | val: 0.164547 |  0
2026-04-25 22:05:44.915 | INFO     | experimental_utils:run_unicsl:475 - [ 101] train: 0.38458 0.00000 0.13205 0.25253 | val: 0.089667 |  0
2026-04-25 22:05:45.974 | INFO     | experimental_utils:run_unicsl:475 - [ 151] train: 0.33846 0.00000 0.10495 0.23351 | val: 0.066143 |  0
2026-04-25 22:05:47.029 | INFO     | experimental_utils:run_unicsl:475 - [ 201] train: 0.30258 0.00000 0.08874 0.21384 | val: 0.057367 |  2
2026-04-25 22:05:48.085 | INFO     | experimental_utils:run_unicsl:475 - [ 251] train: 0.27020 0.00000 0.07616 0.19404 | val: 0.051743 |  2
2026-04-25 22:05:49.138 | INFO     | experimental_utils:run_unicsl:475 - [ 301] train: 0.24559 0.00000 0.07166 0.17393 | val: 0.046900 |  4
2026-04-25 22:05:50.183 | INFO     | experimental_utils:run_unicsl:475 - [ 351] train: 0.21911 0.00000 0.06556 0.15356 | val: 0.043009 |  0
2026-04-25 22:05:51.234 | INFO     | experimental_utils:run_unicsl:475 - [ 401] train: 0.19274 0.00000 0.05971 0.13303 | val: 0.039694 |  4
2026-04-25 22:05:52.290 | INFO     | experimental_utils:run_unicsl:475 - [ 451] train: 0.16812 0.00000 0.05553 0.11259 | val: 0.036807 |  1
2026-04-25 22:05:53.343 | INFO     | experimental_utils:run_unicsl:475 - [ 501] train: 0.14543 0.00000 0.05304 0.09238 | val: 0.034111 |  4
2026-04-25 22:05:54.395 | INFO     | experimental_utils:run_unicsl:475 - [ 551] train: 0.12160 0.00000 0.04939 0.07221 | val: 0.031315 |  2
2026-04-25 22:05:55.440 | INFO     | experimental_utils:run_unicsl:475 - [ 601] train: 0.10625 0.00000 0.04698 0.05927 | val: 0.028104 |  3
2026-04-25 22:05:56.482 | INFO     | experimental_utils:run_unicsl:475 - [ 651] train: 0.09802 0.00000 0.04339 0.05463 | val: 0.025249 |  0
2026-04-25 22:05:57.526 | INFO     | experimental_utils:run_unicsl:475 - [ 701] train: 0.09217 0.00000 0.04205 0.05012 | val: 0.022685 |  5
2026-04-25 22:05:58.563 | INFO     | experimental_utils:run_unicsl:475 - [ 751] train: 0.08663 0.00000 0.04084 0.04580 | val: 0.020350 |  4
2026-04-25 22:05:59.593 | INFO     | experimental_utils:run_unicsl:475 - [ 801] train: 0.07894 0.00000 0.03730 0.04164 | val: 0.017764 |  0
2026-04-25 22:06:00.627 | INFO     | experimental_utils:run_unicsl:475 - [ 851] train: 0.07361 0.00000 0.03585 0.03777 | val: 0.016249 |  7
2026-04-25 22:06:01.650 | INFO     | experimental_utils:run_unicsl:475 - [ 901] train: 0.06721 0.00000 0.03308 0.03413 | val: 0.014519 |  6
2026-04-25 22:06:02.664 | INFO     | experimental_utils:run_unicsl:475 - [ 951] train: 0.06331 0.00000 0.03246 0.03086 | val: 0.013113 |  0
2026-04-25 22:06:03.664 | INFO     | experimental_utils:run_unicsl:475 - [1000] train: 0.06074 0.00000 0.03292 0.02782 | val: 0.013267 |  2
2026-04-25 22:06:03.664 | INFO     | experimental_utils:run_unicsl:479 - JOINT STAGE
2026-04-25 22:06:03.698 | INFO     | experimental_utils:run_unicsl:552 - [1001] train: 1.03984 0.97168 0.03228 0.03587 | val: 0.968515 |  0
2026-04-25 22:06:05.374 | INFO     | experimental_utils:run_unicsl:552 - [1051] train: 0.35505 0.26535 0.04755 0.04214 | val: 0.219621 |  0
2026-04-25 22:06:07.040 | INFO     | experimental_utils:run_unicsl:552 - [1101] train: 0.24845 0.16731 0.03806 0.04308 | val: 0.130411 |  0
2026-04-25 22:06:08.708 | INFO     | experimental_utils:run_unicsl:552 - [1151] train: 0.20604 0.12832 0.03519 0.04253 | val: 0.097653 |  0
2026-04-25 22:06:10.380 | INFO     | experimental_utils:run_unicsl:552 - [1201] train: 0.18262 0.10809 0.03308 0.04145 | val: 0.084386 |  0
2026-04-25 22:06:12.037 | INFO     | experimental_utils:run_unicsl:552 - [1251] train: 0.17351 0.10063 0.03263 0.04024 | val: 0.077999 |  1
2026-04-25 22:06:13.715 | INFO     | experimental_utils:run_unicsl:552 - [1301] train: 0.16562 0.09536 0.03126 0.03899 | val: 0.071232 |  4
2026-04-25 22:06:15.419 | INFO     | experimental_utils:run_unicsl:552 - [1351] train: 0.15959 0.09108 0.03074 0.03776 | val: 0.067436 |  5
2026-04-25 22:06:17.124 | INFO     | experimental_utils:run_unicsl:552 - [1401] train: 0.15312 0.08675 0.02984 0.03654 | val: 0.065665 |  2
2026-04-25 22:06:18.836 | INFO     | experimental_utils:run_unicsl:552 - [1451] train: 0.14832 0.08455 0.02850 0.03527 | val: 0.062255 |  1
2026-04-25 22:06:20.535 | INFO     | experimental_utils:run_unicsl:552 - [1501] train: 0.14399 0.08188 0.02798 0.03413 | val: 0.062681 | 15
2026-04-25 22:06:22.228 | INFO     | experimental_utils:run_unicsl:552 - [1551] train: 0.14172 0.08113 0.02762 0.03297 | val: 0.060640 |  3
2026-04-25 22:06:23.927 | INFO     | experimental_utils:run_unicsl:552 - [1601] train: 0.13807 0.07969 0.02663 0.03175 | val: 0.059695 | 18
2026-04-25 22:06:25.624 | INFO     | experimental_utils:run_unicsl:552 - [1651] train: 0.13664 0.07797 0.02801 0.03066 | val: 0.058412 |  9
2026-04-25 22:06:27.322 | INFO     | experimental_utils:run_unicsl:552 - [1701] train: 0.13399 0.07731 0.02700 0.02968 | val: 0.057923 |  4
2026-04-25 22:06:29.018 | INFO     | experimental_utils:run_unicsl:552 - [1751] train: 0.13198 0.07732 0.02594 0.02872 | val: 0.057386 | 23
2026-04-25 22:06:30.711 | INFO     | experimental_utils:run_unicsl:552 - [1801] train: 0.12931 0.07575 0.02575 0.02781 | val: 0.058084 |  7
2026-04-25 22:06:32.418 | INFO     | experimental_utils:run_unicsl:552 - [1851] train: 0.12650 0.07420 0.02527 0.02703 | val: 0.057064 | 23
2026-04-25 22:06:34.112 | INFO     | experimental_utils:run_unicsl:552 - [1901] train: 0.12467 0.07368 0.02470 0.02630 | val: 0.056475 |  2
2026-04-25 22:06:35.809 | INFO     | experimental_utils:run_unicsl:552 - [1951] train: 0.12561 0.07493 0.02512 0.02555 | val: 0.058095 |  7
2026-04-25 22:06:37.517 | INFO     | experimental_utils:run_unicsl:552 - [2001] train: 0.12221 0.07278 0.02452 0.02491 | val: 0.055331 | 16
2026-04-25 22:06:39.226 | INFO     | experimental_utils:run_unicsl:552 - [2051] train: 0.12316 0.07505 0.02382 0.02429 | val: 0.055182 | 13
2026-04-25 22:06:40.936 | INFO     | experimental_utils:run_unicsl:552 - [2101] train: 0.11952 0.07208 0.02369 0.02374 | val: 0.055522 | 36
2026-04-25 22:06:42.641 | INFO     | experimental_utils:run_unicsl:552 - [2151] train: 0.11775 0.07163 0.02279 0.02333 | val: 0.054300 | 20
2026-04-25 22:06:44.347 | INFO     | experimental_utils:run_unicsl:552 - [2201] train: 0.11773 0.07157 0.02336 0.02280 | val: 0.055124 |  1
2026-04-25 22:06:46.061 | INFO     | experimental_utils:run_unicsl:552 - [2251] train: 0.11557 0.07046 0.02279 0.02232 | val: 0.054210 | 13
2026-04-25 22:06:47.774 | INFO     | experimental_utils:run_unicsl:552 - [2301] train: 0.11689 0.07190 0.02311 0.02188 | val: 0.053064 |  5
2026-04-25 22:06:49.497 | INFO     | experimental_utils:run_unicsl:552 - [2351] train: 0.11457 0.07074 0.02228 0.02155 | val: 0.053700 | 16
2026-04-25 22:06:51.222 | INFO     | experimental_utils:run_unicsl:552 - [2401] train: 0.11117 0.06727 0.02265 0.02125 | val: 0.052874 | 15
2026-04-25 22:06:52.941 | INFO     | experimental_utils:run_unicsl:552 - [2451] train: 0.11079 0.06921 0.02068 0.02090 | val: 0.053000 | 65
2026-04-25 22:06:54.662 | INFO     | experimental_utils:run_unicsl:552 - [2501] train: 0.11156 0.06928 0.02159 0.02069 | val: 0.052695 |  7
2026-04-25 22:06:56.372 | INFO     | experimental_utils:run_unicsl:552 - [2551] train: 0.10962 0.06828 0.02113 0.02022 | val: 0.051978 | 28
2026-04-25 22:06:58.080 | INFO     | experimental_utils:run_unicsl:552 - [2601] train: 0.10968 0.06842 0.02136 0.01991 | val: 0.051928 |  3
2026-04-25 22:06:59.797 | INFO     | experimental_utils:run_unicsl:552 - [2651] train: 0.10835 0.06769 0.02107 0.01959 | val: 0.052162 | 10
2026-04-25 22:07:01.519 | INFO     | experimental_utils:run_unicsl:552 - [2701] train: 0.10630 0.06606 0.02087 0.01937 | val: 0.051481 | 21
2026-04-25 22:07:03.238 | INFO     | experimental_utils:run_unicsl:552 - [2751] train: 0.10601 0.06689 0.02003 0.01909 | val: 0.051356 | 36
2026-04-25 22:07:04.962 | INFO     | experimental_utils:run_unicsl:552 - [2801] train: 0.10591 0.06656 0.02052 0.01882 | val: 0.051295 |  1
2026-04-25 22:07:06.684 | INFO     | experimental_utils:run_unicsl:552 - [2851] train: 0.10347 0.06528 0.01966 0.01853 | val: 0.050827 | 18
2026-04-25 22:07:08.408 | INFO     | experimental_utils:run_unicsl:552 - [2901] train: 0.10358 0.06557 0.01967 0.01834 | val: 0.050538 |  9
2026-04-25 22:07:10.129 | INFO     | experimental_utils:run_unicsl:552 - [2951] train: 0.10422 0.06619 0.01983 0.01820 | val: 0.050945 |  9
2026-04-25 22:07:11.811 | INFO     | experimental_utils:run_unicsl:552 - [3000] train: 0.10146 0.06405 0.01939 0.01802 | val: 0.049983 | 12
2026-04-25 22:07:11.922 | INFO     | experimental_utils:run_unicsl:356 - ===== LOGGER =====
2026-04-25 22:07:11.922 | INFO     | experimental_utils:run_unicsl:357 - logger path: unicsl_logs/unicsl_nd8/unicsl_nd8.log
2026-04-25 22:07:11.922 | INFO     | experimental_utils:run_unicsl:375 - {'learning_rate': 0.0003, 'pred_len': 1, 'lag': 1, 'eval_var_batch_size': 8, 'reconstruction_epochs': 1000, 'joint_epochs': 2000, 'stop_epoch': 3000, 'cuda_device': 'cuda:0', 'print_freq': 50, 'n_encoder_layers': 6, 'n_encoder_channels': 20, 'n_kernel_size': 8}
2026-04-25 22:07:11.922 | INFO     | experimental_utils:run_unicsl:384 - data length: 2000
2026-04-25 22:07:11.922 | INFO     | experimental_utils:run_unicsl:386 - ***** SEED 0 *****
2026-04-25 22:07:12.251 | INFO     | experimental_utils:run_unicsl:393 - training model params
2026-04-25 22:07:12.258 | INFO     | experimental_utils:run_unicsl:407 - RECONSTRUCTION STAGE
2026-04-25 22:07:12.283 | INFO     | experimental_utils:run_unicsl:475 - [   1] train: 1.57199 0.00000 1.28513 0.28687 | val: 1.073903 |  0
2026-04-25 22:07:13.337 | INFO     | experimental_utils:run_unicsl:475 - [  51] train: 0.48871 0.00000 0.21759 0.27112 | val: 0.163868 |  0
2026-04-25 22:07:14.389 | INFO     | experimental_utils:run_unicsl:475 - [ 101] train: 0.38339 0.00000 0.13088 0.25251 | val: 0.088578 |  0
2026-04-25 22:07:15.443 | INFO     | experimental_utils:run_unicsl:475 - [ 151] train: 0.33559 0.00000 0.10214 0.23345 | val: 0.065189 |  0
2026-04-25 22:07:16.494 | INFO     | experimental_utils:run_unicsl:475 - [ 201] train: 0.30009 0.00000 0.08636 0.21373 | val: 0.056169 |  0
2026-04-25 22:07:17.545 | INFO     | experimental_utils:run_unicsl:475 - [ 251] train: 0.26808 0.00000 0.07418 0.19390 | val: 0.051112 |  2
2026-04-25 22:07:18.596 | INFO     | experimental_utils:run_unicsl:475 - [ 301] train: 0.24293 0.00000 0.06916 0.17377 | val: 0.045197 |  0
2026-04-25 22:07:19.648 | INFO     | experimental_utils:run_unicsl:475 - [ 351] train: 0.21534 0.00000 0.06196 0.15337 | val: 0.041849 |  6
2026-04-25 22:07:20.700 | INFO     | experimental_utils:run_unicsl:475 - [ 401] train: 0.19103 0.00000 0.05813 0.13289 | val: 0.038523 |  4
2026-04-25 22:07:21.755 | INFO     | experimental_utils:run_unicsl:475 - [ 451] train: 0.16689 0.00000 0.05440 0.11249 | val: 0.035411 |  1
2026-04-25 22:07:22.807 | INFO     | experimental_utils:run_unicsl:475 - [ 501] train: 0.14242 0.00000 0.05009 0.09233 | val: 0.032822 | 10
2026-04-25 22:07:23.855 | INFO     | experimental_utils:run_unicsl:475 - [ 551] train: 0.11825 0.00000 0.04608 0.07217 | val: 0.030014 |  8
2026-04-25 22:07:24.905 | INFO     | experimental_utils:run_unicsl:475 - [ 601] train: 0.10399 0.00000 0.04482 0.05918 | val: 0.026817 |  4
2026-04-25 22:07:25.953 | INFO     | experimental_utils:run_unicsl:475 - [ 651] train: 0.09551 0.00000 0.04145 0.05406 | val: 0.024368 |  9
2026-04-25 22:07:27.000 | INFO     | experimental_utils:run_unicsl:475 - [ 701] train: 0.08873 0.00000 0.03947 0.04925 | val: 0.021923 |  5
2026-04-25 22:07:28.052 | INFO     | experimental_utils:run_unicsl:475 - [ 751] train: 0.08266 0.00000 0.03796 0.04469 | val: 0.019984 |  3
2026-04-25 22:07:29.102 | INFO     | experimental_utils:run_unicsl:475 - [ 801] train: 0.07663 0.00000 0.03607 0.04056 | val: 0.017673 |  3
2026-04-25 22:07:30.154 | INFO     | experimental_utils:run_unicsl:475 - [ 851] train: 0.07025 0.00000 0.03361 0.03664 | val: 0.016099 | 16
2026-04-25 22:07:31.205 | INFO     | experimental_utils:run_unicsl:475 - [ 901] train: 0.06584 0.00000 0.03292 0.03292 | val: 0.014924 |  6
2026-04-25 22:07:32.255 | INFO     | experimental_utils:run_unicsl:475 - [ 951] train: 0.06134 0.00000 0.03173 0.02961 | val: 0.013805 |  7
2026-04-25 22:07:33.289 | INFO     | experimental_utils:run_unicsl:475 - [1000] train: 0.05861 0.00000 0.03192 0.02668 | val: 0.014466 | 14
2026-04-25 22:07:33.289 | INFO     | experimental_utils:run_unicsl:479 - JOINT STAGE
2026-04-25 22:07:33.323 | INFO     | experimental_utils:run_unicsl:552 - [1001] train: 1.04030 0.97402 0.03155 0.03473 | val: 0.971879 |  0
2026-04-25 22:07:35.029 | INFO     | experimental_utils:run_unicsl:552 - [1051] train: 0.37688 0.27813 0.05681 0.04194 | val: 0.227852 |  0
2026-04-25 22:07:36.742 | INFO     | experimental_utils:run_unicsl:552 - [1101] train: 0.24332 0.16164 0.03820 0.04348 | val: 0.128932 |  0
2026-04-25 22:07:38.442 | INFO     | experimental_utils:run_unicsl:552 - [1151] train: 0.19958 0.12127 0.03547 0.04285 | val: 0.093804 |  3
2026-04-25 22:07:40.127 | INFO     | experimental_utils:run_unicsl:552 - [1201] train: 0.17754 0.10293 0.03310 0.04150 | val: 0.079524 |  3
2026-04-25 22:07:41.807 | INFO     | experimental_utils:run_unicsl:552 - [1251] train: 0.16686 0.09464 0.03193 0.04030 | val: 0.071428 |  4
2026-04-25 22:07:43.489 | INFO     | experimental_utils:run_unicsl:552 - [1301] train: 0.15762 0.08865 0.03002 0.03894 | val: 0.065639 |  0
2026-04-25 22:07:45.190 | INFO     | experimental_utils:run_unicsl:552 - [1351] train: 0.15282 0.08583 0.02940 0.03759 | val: 0.064124 | 13
2026-04-25 22:07:46.884 | INFO     | experimental_utils:run_unicsl:552 - [1401] train: 0.14770 0.08295 0.02850 0.03625 | val: 0.061831 |  1
2026-04-25 22:07:48.582 | INFO     | experimental_utils:run_unicsl:552 - [1451] train: 0.14376 0.08079 0.02805 0.03492 | val: 0.058553 |  1
2026-04-25 22:07:50.287 | INFO     | experimental_utils:run_unicsl:552 - [1501] train: 0.13924 0.07836 0.02710 0.03378 | val: 0.057553 | 15
2026-04-25 22:07:52.006 | INFO     | experimental_utils:run_unicsl:552 - [1551] train: 0.13599 0.07640 0.02714 0.03245 | val: 0.056219 |  1
2026-04-25 22:07:53.723 | INFO     | experimental_utils:run_unicsl:552 - [1601] train: 0.13508 0.07677 0.02699 0.03133 | val: 0.056801 |  6
2026-04-25 22:07:55.441 | INFO     | experimental_utils:run_unicsl:552 - [1651] train: 0.13118 0.07378 0.02706 0.03034 | val: 0.054643 | 19
2026-04-25 22:07:57.149 | INFO     | experimental_utils:run_unicsl:552 - [1701] train: 0.12956 0.07352 0.02671 0.02933 | val: 0.053645 | 19
2026-04-25 22:07:58.854 | INFO     | experimental_utils:run_unicsl:552 - [1751] train: 0.12726 0.07300 0.02585 0.02841 | val: 0.053126 |  4
2026-04-25 22:08:00.555 | INFO     | experimental_utils:run_unicsl:552 - [1801] train: 0.12468 0.07139 0.02575 0.02754 | val: 0.054080 | 22
2026-04-25 22:08:02.259 | INFO     | experimental_utils:run_unicsl:552 - [1851] train: 0.12317 0.07050 0.02589 0.02679 | val: 0.054343 | 18
2026-04-25 22:08:03.968 | INFO     | experimental_utils:run_unicsl:552 - [1901] train: 0.12067 0.07006 0.02452 0.02609 | val: 0.053467 | 43
2026-04-25 22:08:05.688 | INFO     | experimental_utils:run_unicsl:552 - [1951] train: 0.12124 0.07018 0.02569 0.02537 | val: 0.051834 | 21
2026-04-25 22:08:07.411 | INFO     | experimental_utils:run_unicsl:552 - [2001] train: 0.11783 0.06856 0.02455 0.02473 | val: 0.051166 | 21
2026-04-25 22:08:09.125 | INFO     | experimental_utils:run_unicsl:552 - [2051] train: 0.11729 0.06950 0.02362 0.02417 | val: 0.050847 |  9
2026-04-25 22:08:10.831 | INFO     | experimental_utils:run_unicsl:552 - [2101] train: 0.11622 0.06881 0.02375 0.02366 | val: 0.050642 |  1
2026-04-25 22:08:12.523 | INFO     | experimental_utils:run_unicsl:552 - [2151] train: 0.11412 0.06778 0.02316 0.02319 | val: 0.050550 | 11
2026-04-25 22:08:14.232 | INFO     | experimental_utils:run_unicsl:552 - [2201] train: 0.11264 0.06713 0.02280 0.02271 | val: 0.051053 | 23
2026-04-25 22:08:15.924 | INFO     | experimental_utils:run_unicsl:552 - [2251] train: 0.11076 0.06577 0.02270 0.02229 | val: 0.049990 | 29
2026-04-25 22:08:17.628 | INFO     | experimental_utils:run_unicsl:552 - [2301] train: 0.11272 0.06780 0.02303 0.02189 | val: 0.050066 | 42
2026-04-25 22:08:19.340 | INFO     | experimental_utils:run_unicsl:552 - [2351] train: 0.11002 0.06620 0.02236 0.02146 | val: 0.049248 | 16
2026-04-25 22:08:21.037 | INFO     | experimental_utils:run_unicsl:552 - [2401] train: 0.10803 0.06418 0.02264 0.02121 | val: 0.049464 | 10
2026-04-25 22:08:22.750 | INFO     | experimental_utils:run_unicsl:552 - [2451] train: 0.10782 0.06575 0.02120 0.02086 | val: 0.049325 | 13
2026-04-25 22:08:24.457 | INFO     | experimental_utils:run_unicsl:552 - [2501] train: 0.10714 0.06505 0.02157 0.02052 | val: 0.049622 | 31
2026-04-25 22:08:26.156 | INFO     | experimental_utils:run_unicsl:552 - [2551] train: 0.10529 0.06386 0.02121 0.02022 | val: 0.048217 |  0
2026-04-25 22:08:27.824 | INFO     | experimental_utils:run_unicsl:552 - [2601] train: 0.10425 0.06426 0.02011 0.01988 | val: 0.048445 |  9
2026-04-25 22:08:29.491 | INFO     | experimental_utils:run_unicsl:552 - [2651] train: 0.10496 0.06423 0.02112 0.01961 | val: 0.048427 |  4
2026-04-25 22:08:31.146 | INFO     | experimental_utils:run_unicsl:552 - [2701] train: 0.10416 0.06412 0.02068 0.01936 | val: 0.047855 |  0
2026-04-25 22:08:32.795 | INFO     | experimental_utils:run_unicsl:552 - [2751] train: 0.10220 0.06329 0.01976 0.01915 | val: 0.048266 | 21
2026-04-25 22:08:34.452 | INFO     | experimental_utils:run_unicsl:552 - [2801] train: 0.10285 0.06347 0.02056 0.01882 | val: 0.047724 |  4
2026-04-25 22:08:36.131 | INFO     | experimental_utils:run_unicsl:552 - [2851] train: 0.10031 0.06188 0.01985 0.01858 | val: 0.048357 | 26
2026-04-25 22:08:37.840 | INFO     | experimental_utils:run_unicsl:552 - [2901] train: 0.10160 0.06323 0.01995 0.01842 | val: 0.048035 |  9
2026-04-25 22:08:39.550 | INFO     | experimental_utils:run_unicsl:552 - [2951] train: 0.09975 0.06240 0.01906 0.01829 | val: 0.047869 | 40
2026-04-25 22:08:41.232 | INFO     | experimental_utils:run_unicsl:552 - [3000] train: 0.09964 0.06202 0.01955 0.01807 | val: 0.047245 |  3
2026-04-25 22:08:41.342 | INFO     | experimental_utils:run_unicsl:356 - ===== LOGGER =====
2026-04-25 22:08:41.342 | INFO     | experimental_utils:run_unicsl:357 - logger path: unicsl_logs/unicsl_nd8/unicsl_nd8.log
2026-04-25 22:08:41.342 | INFO     | experimental_utils:run_unicsl:375 - {'learning_rate': 0.0003, 'pred_len': 1, 'lag': 1, 'eval_var_batch_size': 8, 'reconstruction_epochs': 1000, 'joint_epochs': 2000, 'stop_epoch': 3000, 'cuda_device': 'cuda:0', 'print_freq': 50, 'n_encoder_layers': 6, 'n_encoder_channels': 20, 'n_kernel_size': 8}
2026-04-25 22:08:41.342 | INFO     | experimental_utils:run_unicsl:384 - data length: 2000
2026-04-25 22:08:41.342 | INFO     | experimental_utils:run_unicsl:386 - ***** SEED 0 *****
2026-04-25 22:08:41.676 | INFO     | experimental_utils:run_unicsl:393 - training model params
2026-04-25 22:08:41.676 | INFO     | experimental_utils:run_unicsl:407 - RECONSTRUCTION STAGE
2026-04-25 22:08:41.700 | INFO     | experimental_utils:run_unicsl:475 - [   1] train: 1.57302 0.00000 1.28615 0.28687 | val: 1.073322 |  0
2026-04-25 22:08:42.749 | INFO     | experimental_utils:run_unicsl:475 - [  51] train: 0.49407 0.00000 0.22298 0.27109 | val: 0.167580 |  0
2026-04-25 22:08:43.802 | INFO     | experimental_utils:run_unicsl:475 - [ 101] train: 0.38602 0.00000 0.13355 0.25247 | val: 0.092884 |  0
2026-04-25 22:08:44.852 | INFO     | experimental_utils:run_unicsl:475 - [ 151] train: 0.34021 0.00000 0.10672 0.23349 | val: 0.068702 |  0
2026-04-25 22:08:45.903 | INFO     | experimental_utils:run_unicsl:475 - [ 201] train: 0.30523 0.00000 0.09133 0.21390 | val: 0.059235 |  2
2026-04-25 22:08:46.953 | INFO     | experimental_utils:run_unicsl:475 - [ 251] train: 0.27243 0.00000 0.07822 0.19420 | val: 0.052965 |  2
2026-04-25 22:08:47.998 | INFO     | experimental_utils:run_unicsl:475 - [ 301] train: 0.24542 0.00000 0.07119 0.17423 | val: 0.047600 |  0
2026-04-25 22:08:49.051 | INFO     | experimental_utils:run_unicsl:475 - [ 351] train: 0.21852 0.00000 0.06455 0.15397 | val: 0.043378 |  0
2026-04-25 22:08:50.097 | INFO     | experimental_utils:run_unicsl:475 - [ 401] train: 0.19290 0.00000 0.05931 0.13359 | val: 0.039580 |  4
2026-04-25 22:08:51.153 | INFO     | experimental_utils:run_unicsl:475 - [ 451] train: 0.16765 0.00000 0.05447 0.11318 | val: 0.036449 |  1
2026-04-25 22:08:52.204 | INFO     | experimental_utils:run_unicsl:475 - [ 501] train: 0.14434 0.00000 0.05131 0.09303 | val: 0.033387 | 10
2026-04-25 22:08:53.258 | INFO     | experimental_utils:run_unicsl:475 - [ 551] train: 0.11952 0.00000 0.04663 0.07289 | val: 0.030574 |  3
2026-04-25 22:08:54.306 | INFO     | experimental_utils:run_unicsl:475 - [ 601] train: 0.10433 0.00000 0.04443 0.05990 | val: 0.026356 |  4
2026-04-25 22:08:55.356 | INFO     | experimental_utils:run_unicsl:475 - [ 651] train: 0.09485 0.00000 0.04013 0.05472 | val: 0.023554 |  9
2026-04-25 22:08:56.409 | INFO     | experimental_utils:run_unicsl:475 - [ 701] train: 0.08906 0.00000 0.03923 0.04984 | val: 0.022644 | 10
2026-04-25 22:08:57.468 | INFO     | experimental_utils:run_unicsl:475 - [ 751] train: 0.08280 0.00000 0.03766 0.04514 | val: 0.019568 |  4
2026-04-25 22:08:58.524 | INFO     | experimental_utils:run_unicsl:475 - [ 801] train: 0.07562 0.00000 0.03477 0.04085 | val: 0.017281 | 18
2026-04-25 22:08:59.580 | INFO     | experimental_utils:run_unicsl:475 - [ 851] train: 0.06979 0.00000 0.03295 0.03684 | val: 0.016222 | 16
2026-04-25 22:09:00.630 | INFO     | experimental_utils:run_unicsl:475 - [ 901] train: 0.06523 0.00000 0.03208 0.03315 | val: 0.014829 |  6
2026-04-25 22:09:01.676 | INFO     | experimental_utils:run_unicsl:475 - [ 951] train: 0.06117 0.00000 0.03131 0.02986 | val: 0.013792 |  7
2026-04-25 22:09:02.702 | INFO     | experimental_utils:run_unicsl:475 - [1000] train: 0.05845 0.00000 0.03143 0.02703 | val: 0.014861 | 13
2026-04-25 22:09:02.702 | INFO     | experimental_utils:run_unicsl:479 - JOINT STAGE
2026-04-25 22:09:02.737 | INFO     | experimental_utils:run_unicsl:552 - [1001] train: 1.03971 0.97349 0.03114 0.03508 | val: 0.971761 |  0
2026-04-25 22:09:04.438 | INFO     | experimental_utils:run_unicsl:552 - [1051] train: 0.34807 0.26338 0.04271 0.04198 | val: 0.216852 |  0
2026-04-25 22:09:06.136 | INFO     | experimental_utils:run_unicsl:552 - [1101] train: 0.25262 0.17362 0.03620 0.04280 | val: 0.142181 |  2
2026-04-25 22:09:07.837 | INFO     | experimental_utils:run_unicsl:552 - [1151] train: 0.21342 0.13678 0.03427 0.04236 | val: 0.108733 |  3
2026-04-25 22:09:09.530 | INFO     | experimental_utils:run_unicsl:552 - [1201] train: 0.18753 0.11411 0.03197 0.04145 | val: 0.089536 |  0
2026-04-25 22:09:11.190 | INFO     | experimental_utils:run_unicsl:552 - [1251] train: 0.17678 0.10486 0.03161 0.04030 | val: 0.081943 |  2
2026-04-25 22:09:12.871 | INFO     | experimental_utils:run_unicsl:552 - [1301] train: 0.16595 0.09565 0.03143 0.03888 | val: 0.074814 | 12
2026-04-25 22:09:14.563 | INFO     | experimental_utils:run_unicsl:552 - [1351] train: 0.15986 0.09250 0.02987 0.03749 | val: 0.069505 | 20
2026-04-25 22:09:16.224 | INFO     | experimental_utils:run_unicsl:552 - [1401] train: 0.15438 0.08984 0.02841 0.03613 | val: 0.066775 | 13
2026-04-25 22:09:17.883 | INFO     | experimental_utils:run_unicsl:552 - [1451] train: 0.14922 0.08658 0.02788 0.03476 | val: 0.064138 |  1
2026-04-25 22:09:19.549 | INFO     | experimental_utils:run_unicsl:552 - [1501] train: 0.14510 0.08463 0.02701 0.03346 | val: 0.065064 | 21
2026-04-25 22:09:21.209 | INFO     | experimental_utils:run_unicsl:552 - [1551] train: 0.14128 0.08186 0.02716 0.03226 | val: 0.061855 |  4
2026-04-25 22:09:22.858 | INFO     | experimental_utils:run_unicsl:552 - [1601] train: 0.13839 0.08120 0.02624 0.03095 | val: 0.062818 |  2
2026-04-25 22:09:24.506 | INFO     | experimental_utils:run_unicsl:552 - [1651] train: 0.13504 0.07905 0.02608 0.02991 | val: 0.059048 |  0
2026-04-25 22:09:26.151 | INFO     | experimental_utils:run_unicsl:552 - [1701] train: 0.13265 0.07789 0.02589 0.02887 | val: 0.058335 |  0
2026-04-25 22:09:27.815 | INFO     | experimental_utils:run_unicsl:552 - [1751] train: 0.13148 0.07830 0.02533 0.02784 | val: 0.057901 |  4
2026-04-25 22:09:29.517 | INFO     | experimental_utils:run_unicsl:552 - [1801] train: 0.12958 0.07767 0.02483 0.02708 | val: 0.059252 | 13
2026-04-25 22:09:31.232 | INFO     | experimental_utils:run_unicsl:552 - [1851] train: 0.12651 0.07566 0.02458 0.02627 | val: 0.059358 |  2
2026-04-25 22:09:32.946 | INFO     | experimental_utils:run_unicsl:552 - [1901] train: 0.12396 0.07458 0.02380 0.02558 | val: 0.058072 | 47
2026-04-25 22:09:34.666 | INFO     | experimental_utils:run_unicsl:552 - [1951] train: 0.12544 0.07599 0.02459 0.02486 | val: 0.057124 | 97
2026-04-25 22:09:36.366 | INFO     | experimental_utils:run_unicsl:552 - [2001] train: 0.12241 0.07415 0.02405 0.02420 | val: 0.056791 | 38
2026-04-25 22:09:38.067 | INFO     | experimental_utils:run_unicsl:552 - [2051] train: 0.12104 0.07358 0.02382 0.02363 | val: 0.056622 |  8
2026-04-25 22:09:39.775 | INFO     | experimental_utils:run_unicsl:552 - [2101] train: 0.11954 0.07372 0.02266 0.02316 | val: 0.055882 | 12
2026-04-25 22:09:41.465 | INFO     | experimental_utils:run_unicsl:552 - [2151] train: 0.11733 0.07178 0.02281 0.02274 | val: 0.055110 | 30
2026-04-25 22:09:43.148 | INFO     | experimental_utils:run_unicsl:552 - [2201] train: 0.11705 0.07213 0.02266 0.02226 | val: 0.056410 |  8
2026-04-25 22:09:44.852 | INFO     | experimental_utils:run_unicsl:552 - [2251] train: 0.11549 0.06969 0.02391 0.02189 | val: 0.054862 | 13
2026-04-25 22:09:46.562 | INFO     | experimental_utils:run_unicsl:552 - [2301] train: 0.11430 0.07011 0.02271 0.02147 | val: 0.054068 | 43
2026-04-25 22:09:48.269 | INFO     | experimental_utils:run_unicsl:552 - [2351] train: 0.11446 0.07161 0.02179 0.02107 | val: 0.054043 | 12
2026-04-25 22:09:49.941 | INFO     | experimental_utils:run_unicsl:552 - [2401] train: 0.11061 0.06802 0.02179 0.02080 | val: 0.053910 | 41
2026-04-25 22:09:51.615 | INFO     | experimental_utils:run_unicsl:552 - [2451] train: 0.10930 0.06936 0.01952 0.02042 | val: 0.052908 |  4
2026-04-25 22:09:53.274 | INFO     | experimental_utils:run_unicsl:552 - [2501] train: 0.10992 0.06858 0.02114 0.02020 | val: 0.052835 |  4
2026-04-25 22:09:54.944 | INFO     | experimental_utils:run_unicsl:552 - [2551] train: 0.10954 0.06888 0.02087 0.01980 | val: 0.051808 | 11
2026-04-25 22:09:56.616 | INFO     | experimental_utils:run_unicsl:552 - [2601] train: 0.10706 0.06757 0.01993 0.01955 | val: 0.051665 |  8
2026-04-25 22:09:58.291 | INFO     | experimental_utils:run_unicsl:552 - [2651] train: 0.10732 0.06753 0.02051 0.01928 | val: 0.051894 |  4
2026-04-25 22:09:59.973 | INFO     | experimental_utils:run_unicsl:552 - [2701] train: 0.10674 0.06735 0.02028 0.01910 | val: 0.050590 | 12
2026-04-25 22:10:01.674 | INFO     | experimental_utils:run_unicsl:552 - [2751] train: 0.10541 0.06685 0.01967 0.01888 | val: 0.050447 |  3
2026-04-25 22:10:03.386 | INFO     | experimental_utils:run_unicsl:552 - [2801] train: 0.10399 0.06563 0.01966 0.01870 | val: 0.049620 |  4
2026-04-25 22:10:05.099 | INFO     | experimental_utils:run_unicsl:552 - [2851] train: 0.10203 0.06429 0.01919 0.01855 | val: 0.049411 | 17
2026-04-25 22:10:06.809 | INFO     | experimental_utils:run_unicsl:552 - [2901] train: 0.10229 0.06437 0.01959 0.01833 | val: 0.048591 |  5
2026-04-25 22:10:08.515 | INFO     | experimental_utils:run_unicsl:552 - [2951] train: 0.10327 0.06529 0.01975 0.01824 | val: 0.047932 |  8
2026-04-25 22:10:10.182 | INFO     | experimental_utils:run_unicsl:552 - [3000] train: 0.10003 0.06233 0.01967 0.01803 | val: 0.047045 | 13
2026-04-25 22:10:10.292 | INFO     | experimental_utils:run_unicsl:356 - ===== LOGGER =====
2026-04-25 22:10:10.292 | INFO     | experimental_utils:run_unicsl:357 - logger path: unicsl_logs/unicsl_nd8/unicsl_nd8.log
2026-04-25 22:10:10.292 | INFO     | experimental_utils:run_unicsl:375 - {'learning_rate': 0.0003, 'pred_len': 1, 'lag': 1, 'eval_var_batch_size': 8, 'reconstruction_epochs': 1000, 'joint_epochs': 2000, 'stop_epoch': 3000, 'cuda_device': 'cuda:0', 'print_freq': 50, 'n_encoder_layers': 6, 'n_encoder_channels': 20, 'n_kernel_size': 8}
2026-04-25 22:10:10.292 | INFO     | experimental_utils:run_unicsl:384 - data length: 2000
2026-04-25 22:10:10.292 | INFO     | experimental_utils:run_unicsl:386 - ***** SEED 0 *****
2026-04-25 22:10:10.623 | INFO     | experimental_utils:run_unicsl:393 - training model params
2026-04-25 22:10:10.623 | INFO     | experimental_utils:run_unicsl:407 - RECONSTRUCTION STAGE
2026-04-25 22:10:10.647 | INFO     | experimental_utils:run_unicsl:475 - [   1] train: 1.57302 0.00000 1.28615 0.28687 | val: 1.073322 |  0
2026-04-25 22:10:11.701 | INFO     | experimental_utils:run_unicsl:475 - [  51] train: 0.49408 0.00000 0.22299 0.27109 | val: 0.167606 |  0
2026-04-25 22:10:12.756 | INFO     | experimental_utils:run_unicsl:475 - [ 101] train: 0.38599 0.00000 0.13352 0.25247 | val: 0.092844 |  0
2026-04-25 22:10:13.812 | INFO     | experimental_utils:run_unicsl:475 - [ 151] train: 0.34017 0.00000 0.10668 0.23349 | val: 0.068757 |  0
2026-04-25 22:10:14.861 | INFO     | experimental_utils:run_unicsl:475 - [ 201] train: 0.30519 0.00000 0.09130 0.21389 | val: 0.059246 |  2
2026-04-25 22:10:15.913 | INFO     | experimental_utils:run_unicsl:475 - [ 251] train: 0.27242 0.00000 0.07823 0.19420 | val: 0.053252 |  2
2026-04-25 22:10:16.960 | INFO     | experimental_utils:run_unicsl:475 - [ 301] train: 0.24553 0.00000 0.07131 0.17423 | val: 0.047798 |  0
2026-04-25 22:10:18.014 | INFO     | experimental_utils:run_unicsl:475 - [ 351] train: 0.21844 0.00000 0.06447 0.15398 | val: 0.043598 |  0
2026-04-25 22:10:19.064 | INFO     | experimental_utils:run_unicsl:475 - [ 401] train: 0.19294 0.00000 0.05936 0.13358 | val: 0.040157 |  4
2026-04-25 22:10:20.111 | INFO     | experimental_utils:run_unicsl:475 - [ 451] train: 0.16763 0.00000 0.05445 0.11318 | val: 0.036884 |  1
2026-04-25 22:10:21.163 | INFO     | experimental_utils:run_unicsl:475 - [ 501] train: 0.14456 0.00000 0.05152 0.09304 | val: 0.033919 | 10
2026-04-25 22:10:22.213 | INFO     | experimental_utils:run_unicsl:475 - [ 551] train: 0.11975 0.00000 0.04683 0.07292 | val: 0.031447 |  3
2026-04-25 22:10:23.263 | INFO     | experimental_utils:run_unicsl:475 - [ 601] train: 0.10432 0.00000 0.04440 0.05992 | val: 0.026757 |  4
2026-04-25 22:10:24.319 | INFO     | experimental_utils:run_unicsl:475 - [ 651] train: 0.09538 0.00000 0.04062 0.05476 | val: 0.024174 | 17
2026-04-25 22:10:25.371 | INFO     | experimental_utils:run_unicsl:475 - [ 701] train: 0.08934 0.00000 0.03946 0.04988 | val: 0.022574 |  5
2026-04-25 22:10:26.423 | INFO     | experimental_utils:run_unicsl:475 - [ 751] train: 0.08299 0.00000 0.03771 0.04528 | val: 0.019511 |  4
2026-04-25 22:10:27.475 | INFO     | experimental_utils:run_unicsl:475 - [ 801] train: 0.07598 0.00000 0.03494 0.04104 | val: 0.017264 |  0
2026-04-25 22:10:28.533 | INFO     | experimental_utils:run_unicsl:475 - [ 851] train: 0.07024 0.00000 0.03321 0.03703 | val: 0.016766 | 16
2026-04-25 22:10:29.591 | INFO     | experimental_utils:run_unicsl:475 - [ 901] train: 0.06572 0.00000 0.03231 0.03341 | val: 0.014802 |  6
2026-04-25 22:10:30.647 | INFO     | experimental_utils:run_unicsl:475 - [ 951] train: 0.06172 0.00000 0.03159 0.03014 | val: 0.014096 |  6
2026-04-25 22:10:31.678 | INFO     | experimental_utils:run_unicsl:475 - [1000] train: 0.05871 0.00000 0.03150 0.02721 | val: 0.014120 | 13
2026-04-25 22:10:31.678 | INFO     | experimental_utils:run_unicsl:479 - JOINT STAGE
2026-04-25 22:10:31.713 | INFO     | experimental_utils:run_unicsl:552 - [1001] train: 1.03856 0.97202 0.03127 0.03526 | val: 0.969861 |  0
2026-04-25 22:10:33.424 | INFO     | experimental_utils:run_unicsl:552 - [1051] train: 0.34933 0.26399 0.04341 0.04193 | val: 0.216045 |  0
2026-04-25 22:10:35.139 | INFO     | experimental_utils:run_unicsl:552 - [1101] train: 0.25319 0.17420 0.03628 0.04271 | val: 0.140561 |  2
2026-04-25 22:10:36.850 | INFO     | experimental_utils:run_unicsl:552 - [1151] train: 0.21260 0.13592 0.03443 0.04224 | val: 0.111153 |  3
2026-04-25 22:10:38.560 | INFO     | experimental_utils:run_unicsl:552 - [1201] train: 0.18770 0.11407 0.03237 0.04126 | val: 0.092837 |  7
2026-04-25 22:10:40.270 | INFO     | experimental_utils:run_unicsl:552 - [1251] train: 0.17586 0.10375 0.03201 0.04010 | val: 0.081176 |  5
2026-04-25 22:10:41.982 | INFO     | experimental_utils:run_unicsl:552 - [1301] train: 0.16645 0.09585 0.03189 0.03871 | val: 0.075390 |  4
2026-04-25 22:10:43.679 | INFO     | experimental_utils:run_unicsl:552 - [1351] train: 0.16096 0.09314 0.03051 0.03731 | val: 0.070309 | 20
2026-04-25 22:10:45.364 | INFO     | experimental_utils:run_unicsl:552 - [1401] train: 0.15434 0.08922 0.02924 0.03588 | val: 0.068508 | 13
2026-04-25 22:10:47.038 | INFO     | experimental_utils:run_unicsl:552 - [1451] train: 0.15055 0.08718 0.02888 0.03449 | val: 0.065100 |  1
2026-04-25 22:10:48.717 | INFO     | experimental_utils:run_unicsl:552 - [1501] train: 0.14534 0.08437 0.02771 0.03325 | val: 0.066567 | 21
2026-04-25 22:10:50.427 | INFO     | experimental_utils:run_unicsl:552 - [1551] train: 0.14212 0.08189 0.02821 0.03202 | val: 0.062801 | 10
2026-04-25 22:10:52.140 | INFO     | experimental_utils:run_unicsl:552 - [1601] train: 0.13927 0.08124 0.02719 0.03084 | val: 0.063876 |  2
2026-04-25 22:10:53.855 | INFO     | experimental_utils:run_unicsl:552 - [1651] train: 0.13568 0.07904 0.02689 0.02976 | val: 0.059610 |  0
2026-04-25 22:10:55.568 | INFO     | experimental_utils:run_unicsl:552 - [1701] train: 0.13335 0.07784 0.02677 0.02874 | val: 0.059338 | 35
2026-04-25 22:10:57.285 | INFO     | experimental_utils:run_unicsl:552 - [1751] train: 0.13173 0.07815 0.02576 0.02782 | val: 0.058272 |  4
2026-04-25 22:10:58.995 | INFO     | experimental_utils:run_unicsl:552 - [1801] train: 0.13031 0.07746 0.02580 0.02705 | val: 0.059768 |  7
2026-04-25 22:11:00.698 | INFO     | experimental_utils:run_unicsl:552 - [1851] train: 0.12687 0.07539 0.02519 0.02629 | val: 0.060169 | 57
2026-04-25 22:11:02.400 | INFO     | experimental_utils:run_unicsl:552 - [1901] train: 0.12476 0.07464 0.02454 0.02557 | val: 0.059039 |  2
2026-04-25 22:11:04.090 | INFO     | experimental_utils:run_unicsl:552 - [1951] train: 0.12572 0.07598 0.02491 0.02483 | val: 0.057786 |  8
2026-04-25 22:11:05.774 | INFO     | experimental_utils:run_unicsl:552 - [2001] train: 0.12277 0.07391 0.02460 0.02426 | val: 0.057009 | 21
2026-04-25 22:11:07.463 | INFO     | experimental_utils:run_unicsl:552 - [2051] train: 0.12204 0.07382 0.02456 0.02366 | val: 0.058153 | 71
2026-04-25 22:11:09.156 | INFO     | experimental_utils:run_unicsl:552 - [2101] train: 0.12026 0.07349 0.02355 0.02322 | val: 0.056447 | 42
2026-04-25 22:11:10.848 | INFO     | experimental_utils:run_unicsl:552 - [2151] train: 0.11765 0.07132 0.02348 0.02284 | val: 0.056051 | 30
2026-04-25 22:11:12.538 | INFO     | experimental_utils:run_unicsl:552 - [2201] train: 0.11795 0.07201 0.02352 0.02243 | val: 0.057356 |  7
2026-04-25 22:11:14.247 | INFO     | experimental_utils:run_unicsl:552 - [2251] train: 0.11495 0.06870 0.02411 0.02213 | val: 0.055382 | 13
2026-04-25 22:11:15.958 | INFO     | experimental_utils:run_unicsl:552 - [2301] train: 0.11498 0.06960 0.02375 0.02163 | val: 0.053792 | 10
2026-04-25 22:11:17.654 | INFO     | experimental_utils:run_unicsl:552 - [2351] train: 0.11473 0.07063 0.02274 0.02135 | val: 0.054108 | 12
2026-04-25 22:11:19.352 | INFO     | experimental_utils:run_unicsl:552 - [2401] train: 0.11079 0.06726 0.02246 0.02108 | val: 0.053504 | 31
2026-04-25 22:11:21.055 | INFO     | experimental_utils:run_unicsl:552 - [2451] train: 0.11002 0.06870 0.02057 0.02074 | val: 0.053218 |  4
2026-04-25 22:11:22.761 | INFO     | experimental_utils:run_unicsl:552 - [2501] train: 0.11068 0.06821 0.02196 0.02052 | val: 0.052697 |  4
2026-04-25 22:11:24.473 | INFO     | experimental_utils:run_unicsl:552 - [2551] train: 0.10957 0.06818 0.02126 0.02014 | val: 0.050786 |  0
2026-04-25 22:11:26.181 | INFO     | experimental_utils:run_unicsl:552 - [2601] train: 0.10675 0.06635 0.02049 0.01991 | val: 0.051133 |  8
2026-04-25 22:11:27.877 | INFO     | experimental_utils:run_unicsl:552 - [2651] train: 0.10681 0.06594 0.02117 0.01970 | val: 0.051105 |  4
2026-04-25 22:11:29.575 | INFO     | experimental_utils:run_unicsl:552 - [2701] train: 0.10552 0.06535 0.02071 0.01946 | val: 0.049479 | 12
2026-04-25 22:11:31.284 | INFO     | experimental_utils:run_unicsl:552 - [2751] train: 0.10454 0.06509 0.02017 0.01929 | val: 0.048383 |  4
2026-04-25 22:11:32.992 | INFO     | experimental_utils:run_unicsl:552 - [2801] train: 0.10320 0.06390 0.02021 0.01909 | val: 0.048120 |  4
2026-04-25 22:11:34.689 | INFO     | experimental_utils:run_unicsl:552 - [2851] train: 0.10166 0.06281 0.01993 0.01891 | val: 0.046872 |  9
2026-04-25 22:11:36.398 | INFO     | experimental_utils:run_unicsl:552 - [2901] train: 0.10171 0.06270 0.02025 0.01876 | val: 0.047121 |  6
2026-04-25 22:11:38.117 | INFO     | experimental_utils:run_unicsl:552 - [2951] train: 0.10165 0.06277 0.02030 0.01858 | val: 0.045899 |  8
2026-04-25 22:11:39.777 | INFO     | experimental_utils:run_unicsl:552 - [3000] train: 0.09943 0.06079 0.02027 0.01837 | val: 0.045261 | 13
