2026-04-25 15:39:58.113 | INFO     | experimental_utils:run_unicsl:356 - ===== LOGGER =====
2026-04-25 15:39:58.113 | INFO     | experimental_utils:run_unicsl:357 - logger path: unicsl_logs/unicsl_nc8/unicsl_nc8.log
2026-04-25 15:39:58.113 | INFO     | experimental_utils:run_unicsl:375 - {'learning_rate': 0.0003, 'pred_len': 1, 'lag': 1, 'eval_var_batch_size': 8, 'reconstruction_epochs': 1, 'joint_epochs': 1, 'stop_epoch': 2, 'cuda_device': 'cuda:0', 'print_freq': 50, 'n_encoder_layers': 6, 'n_encoder_channels': 20, 'n_kernel_size': 8}
2026-04-25 15:39:58.113 | INFO     | experimental_utils:run_unicsl:384 - data length: 2000
2026-04-25 15:39:58.113 | INFO     | experimental_utils:run_unicsl:386 - ***** SEED 0 *****
2026-04-25 15:39:58.678 | INFO     | experimental_utils:run_unicsl:393 - training model params
2026-04-25 15:40:01.608 | INFO     | experimental_utils:run_unicsl:407 - RECONSTRUCTION STAGE
2026-04-25 15:40:02.009 | INFO     | experimental_utils:run_unicsl:475 - [   1] train: 1.57244 0.00000 1.28557 0.28687 | val: 1.075465 |  0
2026-04-25 15:40:02.009 | INFO     | experimental_utils:run_unicsl:479 - JOINT STAGE
2026-04-25 15:40:02.096 | INFO     | experimental_utils:run_unicsl:552 - [   2] train: 2.44161 1.03909 1.10791 0.29461 | val: 1.031001 |  0
2026-04-25 18:09:58.314 | INFO     | experimental_utils:run_unicsl:356 - ===== LOGGER =====
2026-04-25 18:09:58.316 | INFO     | experimental_utils:run_unicsl:357 - logger path: unicsl_logs/unicsl_nc8/unicsl_nc8.log
2026-04-25 18:09:58.316 | INFO     | experimental_utils:run_unicsl:375 - {'learning_rate': 0.0003, 'pred_len': 1, 'lag': 1, 'eval_var_batch_size': 8, 'reconstruction_epochs': 1000, 'joint_epochs': 2000, 'stop_epoch': 3000, 'cuda_device': 'cuda:0', 'print_freq': 50, 'n_encoder_layers': 6, 'n_encoder_channels': 20, 'n_kernel_size': 8}
2026-04-25 18:09:58.316 | INFO     | experimental_utils:run_unicsl:384 - data length: 2000
2026-04-25 18:09:58.317 | INFO     | experimental_utils:run_unicsl:386 - ***** SEED 0 *****
2026-04-25 18:09:58.851 | INFO     | experimental_utils:run_unicsl:393 - training model params
2026-04-25 18:09:59.880 | INFO     | experimental_utils:run_unicsl:407 - RECONSTRUCTION STAGE
2026-04-25 18:10:00.185 | INFO     | experimental_utils:run_unicsl:475 - [   1] train: 1.57244 0.00000 1.28557 0.28687 | val: 1.075465 |  0
2026-04-25 18:10:01.392 | INFO     | experimental_utils:run_unicsl:475 - [  51] train: 0.50030 0.00000 0.22927 0.27103 | val: 0.172728 |  0
2026-04-25 18:10:02.721 | INFO     | experimental_utils:run_unicsl:475 - [ 101] train: 0.38695 0.00000 0.13449 0.25246 | val: 0.091533 |  0
2026-04-25 18:10:04.055 | INFO     | experimental_utils:run_unicsl:475 - [ 151] train: 0.34039 0.00000 0.10697 0.23342 | val: 0.069083 |  0
2026-04-25 18:10:05.344 | INFO     | experimental_utils:run_unicsl:475 - [ 201] train: 0.30578 0.00000 0.09204 0.21374 | val: 0.061019 |  3
2026-04-25 18:10:06.596 | INFO     | experimental_utils:run_unicsl:475 - [ 251] train: 0.27205 0.00000 0.07811 0.19394 | val: 0.054665 |  0
2026-04-25 18:10:07.848 | INFO     | experimental_utils:run_unicsl:475 - [ 301] train: 0.24603 0.00000 0.07221 0.17382 | val: 0.048320 |  0
2026-04-25 18:10:09.100 | INFO     | experimental_utils:run_unicsl:475 - [ 351] train: 0.21848 0.00000 0.06499 0.15349 | val: 0.044430 |  0
2026-04-25 18:10:10.353 | INFO     | experimental_utils:run_unicsl:475 - [ 401] train: 0.19400 0.00000 0.06099 0.13301 | val: 0.040350 |  0
2026-04-25 18:10:11.604 | INFO     | experimental_utils:run_unicsl:475 - [ 451] train: 0.16935 0.00000 0.05681 0.11254 | val: 0.037332 |  1
2026-04-25 18:10:12.861 | INFO     | experimental_utils:run_unicsl:475 - [ 501] train: 0.14500 0.00000 0.05264 0.09236 | val: 0.033703 |  0
2026-04-25 18:10:14.113 | INFO     | experimental_utils:run_unicsl:475 - [ 551] train: 0.12184 0.00000 0.04970 0.07215 | val: 0.030242 |  7
2026-04-25 18:10:15.393 | INFO     | experimental_utils:run_unicsl:475 - [ 601] train: 0.10590 0.00000 0.04663 0.05927 | val: 0.027059 |  3
2026-04-25 18:10:16.720 | INFO     | experimental_utils:run_unicsl:475 - [ 651] train: 0.09671 0.00000 0.04245 0.05426 | val: 0.023800 |  2
2026-04-25 18:10:18.046 | INFO     | experimental_utils:run_unicsl:475 - [ 701] train: 0.09055 0.00000 0.04080 0.04975 | val: 0.021844 |  2
2026-04-25 18:10:19.372 | INFO     | experimental_utils:run_unicsl:475 - [ 751] train: 0.08416 0.00000 0.03880 0.04536 | val: 0.018001 |  0
2026-04-25 18:10:20.697 | INFO     | experimental_utils:run_unicsl:475 - [ 801] train: 0.07803 0.00000 0.03694 0.04109 | val: 0.016143 |  0
2026-04-25 18:10:22.024 | INFO     | experimental_utils:run_unicsl:475 - [ 851] train: 0.07340 0.00000 0.03618 0.03721 | val: 0.015431 | 13
2026-04-25 18:10:23.345 | INFO     | experimental_utils:run_unicsl:475 - [ 901] train: 0.06767 0.00000 0.03404 0.03363 | val: 0.013738 |  6
2026-04-25 18:10:24.672 | INFO     | experimental_utils:run_unicsl:475 - [ 951] train: 0.06343 0.00000 0.03303 0.03040 | val: 0.012540 |  0
2026-04-25 18:10:25.971 | INFO     | experimental_utils:run_unicsl:475 - [1000] train: 0.05931 0.00000 0.03189 0.02743 | val: 0.013792 | 13
2026-04-25 18:10:25.971 | INFO     | experimental_utils:run_unicsl:479 - JOINT STAGE
2026-04-25 18:10:26.031 | INFO     | experimental_utils:run_unicsl:552 - [1001] train: 1.04276 0.97409 0.03315 0.03553 | val: 0.972089 |  0
2026-04-25 18:10:27.638 | INFO     | experimental_utils:run_unicsl:552 - [1051] train: 0.34301 0.24547 0.05540 0.04214 | val: 0.205773 |  0
2026-04-25 18:10:29.225 | INFO     | experimental_utils:run_unicsl:552 - [1101] train: 0.23978 0.15364 0.04301 0.04313 | val: 0.115373 |  0
2026-04-25 18:10:30.809 | INFO     | experimental_utils:run_unicsl:552 - [1151] train: 0.20595 0.12722 0.03650 0.04223 | val: 0.096983 |  0
2026-04-25 18:10:32.394 | INFO     | experimental_utils:run_unicsl:552 - [1201] train: 0.18603 0.10972 0.03498 0.04133 | val: 0.083708 |  0
2026-04-25 18:10:33.979 | INFO     | experimental_utils:run_unicsl:552 - [1251] train: 0.17636 0.10250 0.03346 0.04040 | val: 0.076399 |  2
2026-04-25 18:10:35.565 | INFO     | experimental_utils:run_unicsl:552 - [1301] train: 0.16704 0.09451 0.03343 0.03909 | val: 0.072082 |  3
2026-04-25 18:10:37.149 | INFO     | experimental_utils:run_unicsl:552 - [1351] train: 0.15900 0.08883 0.03225 0.03792 | val: 0.067802 |  0
2026-04-25 18:10:38.734 | INFO     | experimental_utils:run_unicsl:552 - [1401] train: 0.15528 0.08762 0.03097 0.03669 | val: 0.065097 |  1
2026-04-25 18:10:40.321 | INFO     | experimental_utils:run_unicsl:552 - [1451] train: 0.15275 0.08583 0.03152 0.03539 | val: 0.063263 |  0
2026-04-25 18:10:41.908 | INFO     | experimental_utils:run_unicsl:552 - [1501] train: 0.14671 0.08377 0.02877 0.03417 | val: 0.063442 |  3
2026-04-25 18:10:43.499 | INFO     | experimental_utils:run_unicsl:552 - [1551] train: 0.14466 0.08221 0.02959 0.03286 | val: 0.062155 |  2
2026-04-25 18:10:45.087 | INFO     | experimental_utils:run_unicsl:552 - [1601] train: 0.14181 0.08171 0.02843 0.03167 | val: 0.060655 | 11
2026-04-25 18:10:46.673 | INFO     | experimental_utils:run_unicsl:552 - [1651] train: 0.13913 0.08025 0.02834 0.03054 | val: 0.060200 | 14
2026-04-25 18:10:48.257 | INFO     | experimental_utils:run_unicsl:552 - [1701] train: 0.13565 0.07858 0.02761 0.02946 | val: 0.059588 |  1
2026-04-25 18:10:49.843 | INFO     | experimental_utils:run_unicsl:552 - [1751] train: 0.13330 0.07727 0.02758 0.02844 | val: 0.059227 |  4
2026-04-25 18:10:51.429 | INFO     | experimental_utils:run_unicsl:552 - [1801] train: 0.13302 0.07813 0.02734 0.02756 | val: 0.058922 | 23
2026-04-25 18:10:53.016 | INFO     | experimental_utils:run_unicsl:552 - [1851] train: 0.12876 0.07581 0.02626 0.02670 | val: 0.058653 |  1
2026-04-25 18:10:54.604 | INFO     | experimental_utils:run_unicsl:552 - [1901] train: 0.12923 0.07746 0.02598 0.02580 | val: 0.058459 | 10
2026-04-25 18:10:56.193 | INFO     | experimental_utils:run_unicsl:552 - [1951] train: 0.12635 0.07498 0.02637 0.02500 | val: 0.058723 |  4
2026-04-25 18:10:57.797 | INFO     | experimental_utils:run_unicsl:552 - [2001] train: 0.12564 0.07515 0.02605 0.02444 | val: 0.057777 |  7
2026-04-25 18:10:59.393 | INFO     | experimental_utils:run_unicsl:552 - [2051] train: 0.12484 0.07570 0.02539 0.02375 | val: 0.057130 |  0
2026-04-25 18:11:00.983 | INFO     | experimental_utils:run_unicsl:552 - [2101] train: 0.12313 0.07504 0.02487 0.02323 | val: 0.057385 |  6
2026-04-25 18:11:02.568 | INFO     | experimental_utils:run_unicsl:552 - [2151] train: 0.12125 0.07382 0.02478 0.02265 | val: 0.056840 | 30
2026-04-25 18:11:04.156 | INFO     | experimental_utils:run_unicsl:552 - [2201] train: 0.12086 0.07450 0.02407 0.02228 | val: 0.056901 | 49
2026-04-25 18:11:05.740 | INFO     | experimental_utils:run_unicsl:552 - [2251] train: 0.12126 0.07495 0.02448 0.02184 | val: 0.056840 |  8
2026-04-25 18:11:07.328 | INFO     | experimental_utils:run_unicsl:552 - [2301] train: 0.11932 0.07336 0.02441 0.02155 | val: 0.056426 |  5
2026-04-25 18:11:08.916 | INFO     | experimental_utils:run_unicsl:552 - [2351] train: 0.11664 0.07270 0.02293 0.02101 | val: 0.056148 | 12
2026-04-25 18:11:10.501 | INFO     | experimental_utils:run_unicsl:552 - [2401] train: 0.11450 0.07078 0.02304 0.02068 | val: 0.056020 |  7
2026-04-25 18:11:12.087 | INFO     | experimental_utils:run_unicsl:552 - [2451] train: 0.11568 0.07308 0.02228 0.02032 | val: 0.055900 | 13
2026-04-25 18:11:13.677 | INFO     | experimental_utils:run_unicsl:552 - [2501] train: 0.11560 0.07278 0.02283 0.01999 | val: 0.055712 |  8
2026-04-25 18:11:15.264 | INFO     | experimental_utils:run_unicsl:552 - [2551] train: 0.11445 0.07248 0.02235 0.01961 | val: 0.055628 | 34
2026-04-25 18:11:16.851 | INFO     | experimental_utils:run_unicsl:552 - [2601] train: 0.11367 0.07232 0.02204 0.01931 | val: 0.055630 | 28
2026-04-25 18:11:18.436 | INFO     | experimental_utils:run_unicsl:552 - [2651] train: 0.11122 0.07001 0.02211 0.01910 | val: 0.055574 |  2
2026-04-25 18:11:20.020 | INFO     | experimental_utils:run_unicsl:552 - [2701] train: 0.11105 0.07100 0.02131 0.01874 | val: 0.055488 | 11
2026-04-25 18:11:21.605 | INFO     | experimental_utils:run_unicsl:552 - [2751] train: 0.10935 0.06996 0.02088 0.01851 | val: 0.055503 | 29
2026-04-25 18:11:23.191 | INFO     | experimental_utils:run_unicsl:552 - [2801] train: 0.10868 0.06982 0.02061 0.01825 | val: 0.055250 | 14
2026-04-25 18:11:24.777 | INFO     | experimental_utils:run_unicsl:552 - [2851] train: 0.10806 0.06924 0.02079 0.01802 | val: 0.055498 | 28
2026-04-25 18:11:26.362 | INFO     | experimental_utils:run_unicsl:552 - [2901] train: 0.10751 0.06970 0.02003 0.01778 | val: 0.055399 | 44
2026-04-25 18:11:27.946 | INFO     | experimental_utils:run_unicsl:552 - [2951] train: 0.10682 0.06893 0.02037 0.01752 | val: 0.055443 | 16
2026-04-25 18:11:29.497 | INFO     | experimental_utils:run_unicsl:552 - [3000] train: 0.10616 0.06851 0.02031 0.01735 | val: 0.055272 | 19
2026-04-25 22:04:11.789 | INFO     | experimental_utils:run_unicsl:356 - ===== LOGGER =====
2026-04-25 22:04:11.791 | INFO     | experimental_utils:run_unicsl:357 - logger path: unicsl_logs/unicsl_nc8/unicsl_nc8.log
2026-04-25 22:04:11.791 | INFO     | experimental_utils:run_unicsl:375 - {'learning_rate': 0.0003, 'pred_len': 1, 'lag': 1, 'eval_var_batch_size': 8, 'reconstruction_epochs': 1000, 'joint_epochs': 2000, 'stop_epoch': 3000, 'cuda_device': 'cuda:0', 'print_freq': 50, 'n_encoder_layers': 6, 'n_encoder_channels': 20, 'n_kernel_size': 8}
2026-04-25 22:04:11.791 | INFO     | experimental_utils:run_unicsl:384 - data length: 2000
2026-04-25 22:04:11.791 | INFO     | experimental_utils:run_unicsl:386 - ***** SEED 0 *****
2026-04-25 22:04:12.184 | INFO     | experimental_utils:run_unicsl:393 - training model params
2026-04-25 22:04:13.241 | INFO     | experimental_utils:run_unicsl:407 - RECONSTRUCTION STAGE
2026-04-25 22:04:13.583 | INFO     | experimental_utils:run_unicsl:475 - [   1] train: 1.57244 0.00000 1.28557 0.28687 | val: 1.075465 |  0
2026-04-25 22:04:14.574 | INFO     | experimental_utils:run_unicsl:475 - [  51] train: 0.50027 0.00000 0.22924 0.27103 | val: 0.172662 |  0
2026-04-25 22:04:15.554 | INFO     | experimental_utils:run_unicsl:475 - [ 101] train: 0.38698 0.00000 0.13452 0.25246 | val: 0.091603 |  0
2026-04-25 22:04:16.533 | INFO     | experimental_utils:run_unicsl:475 - [ 151] train: 0.34043 0.00000 0.10701 0.23342 | val: 0.069192 |  0
2026-04-25 22:04:17.515 | INFO     | experimental_utils:run_unicsl:475 - [ 201] train: 0.30585 0.00000 0.09211 0.21374 | val: 0.061017 |  3
2026-04-25 22:04:18.492 | INFO     | experimental_utils:run_unicsl:475 - [ 251] train: 0.27216 0.00000 0.07822 0.19393 | val: 0.054695 |  0
2026-04-25 22:04:19.472 | INFO     | experimental_utils:run_unicsl:475 - [ 301] train: 0.24605 0.00000 0.07224 0.17381 | val: 0.048289 |  0
2026-04-25 22:04:20.449 | INFO     | experimental_utils:run_unicsl:475 - [ 351] train: 0.21848 0.00000 0.06501 0.15347 | val: 0.044384 |  0
2026-04-25 22:04:21.429 | INFO     | experimental_utils:run_unicsl:475 - [ 401] train: 0.19395 0.00000 0.06097 0.13298 | val: 0.040347 |  0
2026-04-25 22:04:22.408 | INFO     | experimental_utils:run_unicsl:475 - [ 451] train: 0.16934 0.00000 0.05683 0.11251 | val: 0.037272 |  1
2026-04-25 22:04:23.385 | INFO     | experimental_utils:run_unicsl:475 - [ 501] train: 0.14496 0.00000 0.05264 0.09232 | val: 0.033700 |  0
2026-04-25 22:04:24.362 | INFO     | experimental_utils:run_unicsl:475 - [ 551] train: 0.12175 0.00000 0.04965 0.07210 | val: 0.030135 |  7
2026-04-25 22:04:25.342 | INFO     | experimental_utils:run_unicsl:475 - [ 601] train: 0.10562 0.00000 0.04666 0.05896 | val: 0.027120 |  3
2026-04-25 22:04:26.317 | INFO     | experimental_utils:run_unicsl:475 - [ 651] train: 0.09661 0.00000 0.04243 0.05418 | val: 0.023816 |  2
2026-04-25 22:04:27.289 | INFO     | experimental_utils:run_unicsl:475 - [ 701] train: 0.09055 0.00000 0.04090 0.04965 | val: 0.022127 |  2
2026-04-25 22:04:28.257 | INFO     | experimental_utils:run_unicsl:475 - [ 751] train: 0.08419 0.00000 0.03887 0.04532 | val: 0.018105 |  0
2026-04-25 22:04:29.228 | INFO     | experimental_utils:run_unicsl:475 - [ 801] train: 0.07816 0.00000 0.03708 0.04108 | val: 0.016290 |  0
2026-04-25 22:04:30.200 | INFO     | experimental_utils:run_unicsl:475 - [ 851] train: 0.07348 0.00000 0.03625 0.03723 | val: 0.015600 | 13
2026-04-25 22:04:31.173 | INFO     | experimental_utils:run_unicsl:475 - [ 901] train: 0.06788 0.00000 0.03418 0.03370 | val: 0.013850 |  6
2026-04-25 22:04:32.145 | INFO     | experimental_utils:run_unicsl:475 - [ 951] train: 0.06354 0.00000 0.03314 0.03040 | val: 0.012597 |  0
2026-04-25 22:04:33.099 | INFO     | experimental_utils:run_unicsl:475 - [1000] train: 0.05942 0.00000 0.03197 0.02745 | val: 0.013767 | 13
2026-04-25 22:04:33.099 | INFO     | experimental_utils:run_unicsl:479 - JOINT STAGE
2026-04-25 22:04:33.144 | INFO     | experimental_utils:run_unicsl:552 - [1001] train: 1.04252 0.97386 0.03315 0.03551 | val: 0.971718 |  0
2026-04-25 22:04:34.745 | INFO     | experimental_utils:run_unicsl:552 - [1051] train: 0.34032 0.24293 0.05539 0.04200 | val: 0.204532 |  0
2026-04-25 22:04:36.349 | INFO     | experimental_utils:run_unicsl:552 - [1101] train: 0.24073 0.15576 0.04184 0.04314 | val: 0.119562 |  0
2026-04-25 22:04:37.936 | INFO     | experimental_utils:run_unicsl:552 - [1151] train: 0.20691 0.12779 0.03685 0.04226 | val: 0.096715 |  0
2026-04-25 22:04:39.537 | INFO     | experimental_utils:run_unicsl:552 - [1201] train: 0.18616 0.10960 0.03524 0.04131 | val: 0.083788 |  0
2026-04-25 22:04:41.125 | INFO     | experimental_utils:run_unicsl:552 - [1251] train: 0.17663 0.10269 0.03364 0.04030 | val: 0.076768 |  2
2026-04-25 22:04:42.723 | INFO     | experimental_utils:run_unicsl:552 - [1301] train: 0.16772 0.09460 0.03400 0.03913 | val: 0.072088 |  4
2026-04-25 22:04:44.314 | INFO     | experimental_utils:run_unicsl:552 - [1351] train: 0.16115 0.09028 0.03292 0.03795 | val: 0.068003 |  0
2026-04-25 22:04:45.900 | INFO     | experimental_utils:run_unicsl:552 - [1401] train: 0.15536 0.08729 0.03139 0.03669 | val: 0.065151 |  0
2026-04-25 22:04:47.490 | INFO     | experimental_utils:run_unicsl:552 - [1451] train: 0.15309 0.08564 0.03196 0.03550 | val: 0.063267 |  0
2026-04-25 22:04:49.079 | INFO     | experimental_utils:run_unicsl:552 - [1501] train: 0.14645 0.08318 0.02903 0.03424 | val: 0.063631 |  3
2026-04-25 22:04:50.672 | INFO     | experimental_utils:run_unicsl:552 - [1551] train: 0.14519 0.08219 0.03001 0.03300 | val: 0.062335 |  2
2026-04-25 22:04:52.260 | INFO     | experimental_utils:run_unicsl:552 - [1601] train: 0.14157 0.08111 0.02865 0.03180 | val: 0.060444 | 11
2026-04-25 22:04:53.851 | INFO     | experimental_utils:run_unicsl:552 - [1651] train: 0.13944 0.08014 0.02856 0.03075 | val: 0.060216 | 32
2026-04-25 22:04:55.440 | INFO     | experimental_utils:run_unicsl:552 - [1701] train: 0.13588 0.07848 0.02766 0.02974 | val: 0.059277 |  1
2026-04-25 22:04:57.030 | INFO     | experimental_utils:run_unicsl:552 - [1751] train: 0.13386 0.07727 0.02789 0.02870 | val: 0.059074 |  4
2026-04-25 22:04:58.622 | INFO     | experimental_utils:run_unicsl:552 - [1801] train: 0.13312 0.07781 0.02752 0.02779 | val: 0.058684 | 22
2026-04-25 22:05:00.208 | INFO     | experimental_utils:run_unicsl:552 - [1851] train: 0.12876 0.07556 0.02620 0.02699 | val: 0.058708 |  1
2026-04-25 22:05:01.799 | INFO     | experimental_utils:run_unicsl:552 - [1901] train: 0.12956 0.07701 0.02638 0.02617 | val: 0.058410 | 11
2026-04-25 22:05:03.393 | INFO     | experimental_utils:run_unicsl:552 - [1951] train: 0.12644 0.07459 0.02645 0.02540 | val: 0.057862 | 13
2026-04-25 22:05:04.985 | INFO     | experimental_utils:run_unicsl:552 - [2001] train: 0.12526 0.07468 0.02574 0.02484 | val: 0.057573 |  6
2026-04-25 22:05:06.578 | INFO     | experimental_utils:run_unicsl:552 - [2051] train: 0.12446 0.07492 0.02537 0.02417 | val: 0.056857 |  0
2026-04-25 22:05:08.173 | INFO     | experimental_utils:run_unicsl:552 - [2101] train: 0.12316 0.07475 0.02479 0.02361 | val: 0.057114 |  7
2026-04-25 22:05:09.765 | INFO     | experimental_utils:run_unicsl:552 - [2151] train: 0.12143 0.07342 0.02494 0.02308 | val: 0.056575 |  0
2026-04-25 22:05:11.357 | INFO     | experimental_utils:run_unicsl:552 - [2201] train: 0.12098 0.07404 0.02426 0.02268 | val: 0.056647 |  5
2026-04-25 22:05:12.948 | INFO     | experimental_utils:run_unicsl:552 - [2251] train: 0.12145 0.07466 0.02458 0.02221 | val: 0.056455 |  8
2026-04-25 22:05:14.541 | INFO     | experimental_utils:run_unicsl:552 - [2301] train: 0.11931 0.07281 0.02464 0.02186 | val: 0.056591 |  5
2026-04-25 22:05:16.194 | INFO     | experimental_utils:run_unicsl:552 - [2351] train: 0.11668 0.07242 0.02291 0.02135 | val: 0.055936 | 14
2026-04-25 22:05:17.782 | INFO     | experimental_utils:run_unicsl:552 - [2401] train: 0.11460 0.07046 0.02311 0.02104 | val: 0.055726 | 64
2026-04-25 22:05:19.417 | INFO     | experimental_utils:run_unicsl:552 - [2451] train: 0.11540 0.07235 0.02236 0.02069 | val: 0.055582 |  0
2026-04-25 22:05:21.009 | INFO     | experimental_utils:run_unicsl:552 - [2501] train: 0.11506 0.07181 0.02291 0.02034 | val: 0.055396 |  1
2026-04-25 22:05:22.599 | INFO     | experimental_utils:run_unicsl:552 - [2551] train: 0.11426 0.07180 0.02252 0.01994 | val: 0.055322 | 31
2026-04-25 22:05:24.190 | INFO     | experimental_utils:run_unicsl:552 - [2601] train: 0.11371 0.07192 0.02213 0.01967 | val: 0.055428 | 28
2026-04-25 22:05:25.777 | INFO     | experimental_utils:run_unicsl:552 - [2651] train: 0.11055 0.06922 0.02194 0.01939 | val: 0.055185 |  2
2026-04-25 22:05:27.365 | INFO     | experimental_utils:run_unicsl:552 - [2701] train: 0.11049 0.07019 0.02125 0.01905 | val: 0.055302 | 21
2026-04-25 22:05:28.959 | INFO     | experimental_utils:run_unicsl:552 - [2751] train: 0.10907 0.06923 0.02104 0.01880 | val: 0.055151 |  6
2026-04-25 22:05:30.562 | INFO     | experimental_utils:run_unicsl:552 - [2801] train: 0.10904 0.06977 0.02071 0.01856 | val: 0.054562 |  3
2026-04-25 22:05:32.156 | INFO     | experimental_utils:run_unicsl:552 - [2851] train: 0.10832 0.06903 0.02088 0.01840 | val: 0.055085 | 28
2026-04-25 22:05:33.747 | INFO     | experimental_utils:run_unicsl:552 - [2901] train: 0.10800 0.06987 0.01998 0.01815 | val: 0.054785 | 46
2026-04-25 22:05:35.336 | INFO     | experimental_utils:run_unicsl:552 - [2951] train: 0.10692 0.06848 0.02060 0.01784 | val: 0.054646 | 12
2026-04-25 22:05:36.893 | INFO     | experimental_utils:run_unicsl:552 - [3000] train: 0.10599 0.06776 0.02055 0.01769 | val: 0.054613 |  9
2026-04-25 22:05:36.936 | INFO     | experimental_utils:run_unicsl:356 - ===== LOGGER =====
2026-04-25 22:05:36.936 | INFO     | experimental_utils:run_unicsl:357 - logger path: unicsl_logs/unicsl_nc8/unicsl_nc8.log
2026-04-25 22:05:36.936 | INFO     | experimental_utils:run_unicsl:375 - {'learning_rate': 0.0003, 'pred_len': 1, 'lag': 1, 'eval_var_batch_size': 8, 'reconstruction_epochs': 1000, 'joint_epochs': 2000, 'stop_epoch': 3000, 'cuda_device': 'cuda:0', 'print_freq': 50, 'n_encoder_layers': 6, 'n_encoder_channels': 20, 'n_kernel_size': 8}
2026-04-25 22:05:36.936 | INFO     | experimental_utils:run_unicsl:384 - data length: 2000
2026-04-25 22:05:36.936 | INFO     | experimental_utils:run_unicsl:386 - ***** SEED 0 *****
2026-04-25 22:05:36.951 | INFO     | experimental_utils:run_unicsl:393 - training model params
2026-04-25 22:05:36.951 | INFO     | experimental_utils:run_unicsl:407 - RECONSTRUCTION STAGE
2026-04-25 22:05:36.974 | INFO     | experimental_utils:run_unicsl:475 - [   1] train: 1.57222 0.00000 1.28535 0.28687 | val: 1.069917 |  0
2026-04-25 22:05:37.951 | INFO     | experimental_utils:run_unicsl:475 - [  51] train: 0.49641 0.00000 0.22541 0.27101 | val: 0.168837 |  0
2026-04-25 22:05:38.948 | INFO     | experimental_utils:run_unicsl:475 - [ 101] train: 0.38954 0.00000 0.13709 0.25246 | val: 0.095172 |  0
2026-04-25 22:05:39.928 | INFO     | experimental_utils:run_unicsl:475 - [ 151] train: 0.34182 0.00000 0.10831 0.23351 | val: 0.073119 |  0
2026-04-25 22:05:40.901 | INFO     | experimental_utils:run_unicsl:475 - [ 201] train: 0.30682 0.00000 0.09292 0.21389 | val: 0.063767 |  0
2026-04-25 22:05:41.875 | INFO     | experimental_utils:run_unicsl:475 - [ 251] train: 0.27816 0.00000 0.08399 0.19417 | val: 0.057881 |  0
2026-04-25 22:05:42.848 | INFO     | experimental_utils:run_unicsl:475 - [ 301] train: 0.25041 0.00000 0.07629 0.17412 | val: 0.052311 |  0
2026-04-25 22:05:43.820 | INFO     | experimental_utils:run_unicsl:475 - [ 351] train: 0.22501 0.00000 0.07109 0.15392 | val: 0.047897 |  4
2026-04-25 22:05:44.794 | INFO     | experimental_utils:run_unicsl:475 - [ 401] train: 0.19801 0.00000 0.06442 0.13359 | val: 0.042815 |  0
2026-04-25 22:05:45.767 | INFO     | experimental_utils:run_unicsl:475 - [ 451] train: 0.17259 0.00000 0.05930 0.11329 | val: 0.039148 |  1
2026-04-25 22:05:46.739 | INFO     | experimental_utils:run_unicsl:475 - [ 501] train: 0.14855 0.00000 0.05527 0.09327 | val: 0.035951 |  3
2026-04-25 22:05:47.713 | INFO     | experimental_utils:run_unicsl:475 - [ 551] train: 0.12431 0.00000 0.05104 0.07327 | val: 0.030229 |  1
2026-04-25 22:05:48.687 | INFO     | experimental_utils:run_unicsl:475 - [ 601] train: 0.10685 0.00000 0.04644 0.06041 | val: 0.026698 |  3
2026-04-25 22:05:49.661 | INFO     | experimental_utils:run_unicsl:475 - [ 651] train: 0.09900 0.00000 0.04320 0.05580 | val: 0.022685 |  1
2026-04-25 22:05:50.639 | INFO     | experimental_utils:run_unicsl:475 - [ 701] train: 0.09131 0.00000 0.04000 0.05131 | val: 0.020596 |  2
2026-04-25 22:05:51.620 | INFO     | experimental_utils:run_unicsl:475 - [ 751] train: 0.08537 0.00000 0.03840 0.04698 | val: 0.017372 |  7
2026-04-25 22:05:52.603 | INFO     | experimental_utils:run_unicsl:475 - [ 801] train: 0.07902 0.00000 0.03613 0.04289 | val: 0.015616 |  3
2026-04-25 22:05:53.581 | INFO     | experimental_utils:run_unicsl:475 - [ 851] train: 0.07377 0.00000 0.03486 0.03892 | val: 0.013993 |  4
2026-04-25 22:05:54.553 | INFO     | experimental_utils:run_unicsl:475 - [ 901] train: 0.06965 0.00000 0.03441 0.03524 | val: 0.012779 |  0
2026-04-25 22:05:55.532 | INFO     | experimental_utils:run_unicsl:475 - [ 951] train: 0.06461 0.00000 0.03275 0.03186 | val: 0.012691 | 19
2026-04-25 22:05:56.485 | INFO     | experimental_utils:run_unicsl:475 - [1000] train: 0.06176 0.00000 0.03294 0.02882 | val: 0.011930 | 19
2026-04-25 22:05:56.485 | INFO     | experimental_utils:run_unicsl:479 - JOINT STAGE
2026-04-25 22:05:56.518 | INFO     | experimental_utils:run_unicsl:552 - [1001] train: 1.03814 0.96900 0.03222 0.03692 | val: 0.965496 |  0
2026-04-25 22:05:58.108 | INFO     | experimental_utils:run_unicsl:552 - [1051] train: 0.34125 0.24643 0.05227 0.04256 | val: 0.211656 |  1
2026-04-25 22:05:59.697 | INFO     | experimental_utils:run_unicsl:552 - [1101] train: 0.23942 0.15541 0.04067 0.04334 | val: 0.119136 |  0
2026-04-25 22:06:01.285 | INFO     | experimental_utils:run_unicsl:552 - [1151] train: 0.20786 0.12888 0.03615 0.04283 | val: 0.098348 |  5
2026-04-25 22:06:02.899 | INFO     | experimental_utils:run_unicsl:552 - [1201] train: 0.19224 0.11529 0.03518 0.04177 | val: 0.088802 |  3
2026-04-25 22:06:04.489 | INFO     | experimental_utils:run_unicsl:552 - [1251] train: 0.18335 0.10791 0.03473 0.04070 | val: 0.082647 |  3
2026-04-25 22:06:06.078 | INFO     | experimental_utils:run_unicsl:552 - [1301] train: 0.17051 0.09882 0.03211 0.03959 | val: 0.076681 |  5
2026-04-25 22:06:07.670 | INFO     | experimental_utils:run_unicsl:552 - [1351] train: 0.16904 0.09836 0.03220 0.03849 | val: 0.074063 |  4
2026-04-25 22:06:09.263 | INFO     | experimental_utils:run_unicsl:552 - [1401] train: 0.16076 0.09267 0.03070 0.03739 | val: 0.070620 |  6
2026-04-25 22:06:10.853 | INFO     | experimental_utils:run_unicsl:552 - [1451] train: 0.15757 0.09171 0.02965 0.03621 | val: 0.068976 |  2
2026-04-25 22:06:12.466 | INFO     | experimental_utils:run_unicsl:552 - [1501] train: 0.15289 0.08846 0.02933 0.03510 | val: 0.067819 | 16
2026-04-25 22:06:14.116 | INFO     | experimental_utils:run_unicsl:552 - [1551] train: 0.15077 0.08850 0.02833 0.03394 | val: 0.068108 |  9
2026-04-25 22:06:15.705 | INFO     | experimental_utils:run_unicsl:552 - [1601] train: 0.14783 0.08576 0.02927 0.03279 | val: 0.065543 |  0
2026-04-25 22:06:17.294 | INFO     | experimental_utils:run_unicsl:552 - [1651] train: 0.14526 0.08571 0.02777 0.03179 | val: 0.065119 |  5
2026-04-25 22:06:18.882 | INFO     | experimental_utils:run_unicsl:552 - [1701] train: 0.14359 0.08549 0.02731 0.03078 | val: 0.066950 | 32
2026-04-25 22:06:20.467 | INFO     | experimental_utils:run_unicsl:552 - [1751] train: 0.13944 0.08269 0.02698 0.02977 | val: 0.064896 | 18
2026-04-25 22:06:22.053 | INFO     | experimental_utils:run_unicsl:552 - [1801] train: 0.13795 0.08322 0.02594 0.02879 | val: 0.064651 |  4
2026-04-25 22:06:23.637 | INFO     | experimental_utils:run_unicsl:552 - [1851] train: 0.13628 0.08266 0.02571 0.02791 | val: 0.063396 |  0
2026-04-25 22:06:25.222 | INFO     | experimental_utils:run_unicsl:552 - [1901] train: 0.13547 0.08237 0.02599 0.02710 | val: 0.064050 |  8
2026-04-25 22:06:26.805 | INFO     | experimental_utils:run_unicsl:552 - [1951] train: 0.13337 0.08198 0.02506 0.02633 | val: 0.063286 |  3
2026-04-25 22:06:28.403 | INFO     | experimental_utils:run_unicsl:552 - [2001] train: 0.13077 0.08039 0.02479 0.02559 | val: 0.062743 |  7
2026-04-25 22:06:30.039 | INFO     | experimental_utils:run_unicsl:552 - [2051] train: 0.13101 0.08028 0.02584 0.02490 | val: 0.063179 |  9
2026-04-25 22:06:31.653 | INFO     | experimental_utils:run_unicsl:552 - [2101] train: 0.12862 0.08008 0.02419 0.02435 | val: 0.062346 | 39
2026-04-25 22:06:33.252 | INFO     | experimental_utils:run_unicsl:552 - [2151] train: 0.12710 0.08001 0.02342 0.02367 | val: 0.062738 | 12
2026-04-25 22:06:34.853 | INFO     | experimental_utils:run_unicsl:552 - [2201] train: 0.12660 0.07892 0.02453 0.02315 | val: 0.062005 | 19
2026-04-25 22:06:36.461 | INFO     | experimental_utils:run_unicsl:552 - [2251] train: 0.12279 0.07741 0.02279 0.02259 | val: 0.062026 | 19
2026-04-25 22:06:38.141 | INFO     | experimental_utils:run_unicsl:552 - [2301] train: 0.12351 0.07815 0.02325 0.02212 | val: 0.061562 | 30
2026-04-25 22:06:39.743 | INFO     | experimental_utils:run_unicsl:552 - [2351] train: 0.12113 0.07725 0.02220 0.02167 | val: 0.061212 |  2
2026-04-25 22:06:41.339 | INFO     | experimental_utils:run_unicsl:552 - [2401] train: 0.12053 0.07691 0.02248 0.02114 | val: 0.061435 | 42
2026-04-25 22:06:42.933 | INFO     | experimental_utils:run_unicsl:552 - [2451] train: 0.12035 0.07673 0.02282 0.02080 | val: 0.061017 | 17
2026-04-25 22:06:44.521 | INFO     | experimental_utils:run_unicsl:552 - [2501] train: 0.12050 0.07735 0.02273 0.02043 | val: 0.060796 |  3
2026-04-25 22:06:46.106 | INFO     | experimental_utils:run_unicsl:552 - [2551] train: 0.11794 0.07595 0.02192 0.02007 | val: 0.061288 | 25
2026-04-25 22:06:47.693 | INFO     | experimental_utils:run_unicsl:552 - [2601] train: 0.11847 0.07663 0.02212 0.01972 | val: 0.061175 | 20
2026-04-25 22:06:49.279 | INFO     | experimental_utils:run_unicsl:552 - [2651] train: 0.11724 0.07593 0.02189 0.01942 | val: 0.060828 | 21
2026-04-25 22:06:50.863 | INFO     | experimental_utils:run_unicsl:552 - [2701] train: 0.11430 0.07400 0.02119 0.01911 | val: 0.060173 | 17
2026-04-25 22:06:52.445 | INFO     | experimental_utils:run_unicsl:552 - [2751] train: 0.11405 0.07476 0.02053 0.01876 | val: 0.060375 |  1
2026-04-25 22:06:54.028 | INFO     | experimental_utils:run_unicsl:552 - [2801] train: 0.11484 0.07521 0.02108 0.01855 | val: 0.059938 |  4
2026-04-25 22:06:55.610 | INFO     | experimental_utils:run_unicsl:552 - [2851] train: 0.11337 0.07460 0.02052 0.01826 | val: 0.060187 |  3
2026-04-25 22:06:57.196 | INFO     | experimental_utils:run_unicsl:552 - [2901] train: 0.11091 0.07359 0.01932 0.01800 | val: 0.060175 | 53
2026-04-25 22:06:58.779 | INFO     | experimental_utils:run_unicsl:552 - [2951] train: 0.11108 0.07329 0.01998 0.01781 | val: 0.059907 | 31
2026-04-25 22:07:00.332 | INFO     | experimental_utils:run_unicsl:552 - [3000] train: 0.11113 0.07417 0.01940 0.01756 | val: 0.060481 | 48
2026-04-25 22:07:00.358 | INFO     | experimental_utils:run_unicsl:356 - ===== LOGGER =====
2026-04-25 22:07:00.358 | INFO     | experimental_utils:run_unicsl:357 - logger path: unicsl_logs/unicsl_nc8/unicsl_nc8.log
2026-04-25 22:07:00.359 | INFO     | experimental_utils:run_unicsl:375 - {'learning_rate': 0.0003, 'pred_len': 1, 'lag': 1, 'eval_var_batch_size': 8, 'reconstruction_epochs': 1000, 'joint_epochs': 2000, 'stop_epoch': 3000, 'cuda_device': 'cuda:0', 'print_freq': 50, 'n_encoder_layers': 6, 'n_encoder_channels': 20, 'n_kernel_size': 8}
2026-04-25 22:07:00.359 | INFO     | experimental_utils:run_unicsl:384 - data length: 2000
2026-04-25 22:07:00.359 | INFO     | experimental_utils:run_unicsl:386 - ***** SEED 0 *****
2026-04-25 22:07:00.369 | INFO     | experimental_utils:run_unicsl:393 - training model params
2026-04-25 22:07:00.370 | INFO     | experimental_utils:run_unicsl:407 - RECONSTRUCTION STAGE
2026-04-25 22:07:00.392 | INFO     | experimental_utils:run_unicsl:475 - [   1] train: 1.57488 0.00000 1.28802 0.28687 | val: 1.071056 |  0
2026-04-25 22:07:01.357 | INFO     | experimental_utils:run_unicsl:475 - [  51] train: 0.50864 0.00000 0.23765 0.27100 | val: 0.182355 |  0
2026-04-25 22:07:02.323 | INFO     | experimental_utils:run_unicsl:475 - [ 101] train: 0.39511 0.00000 0.14255 0.25257 | val: 0.097704 |  0
2026-04-25 22:07:03.290 | INFO     | experimental_utils:run_unicsl:475 - [ 151] train: 0.34856 0.00000 0.11490 0.23365 | val: 0.076819 |  2
2026-04-25 22:07:04.256 | INFO     | experimental_utils:run_unicsl:475 - [ 201] train: 0.31019 0.00000 0.09607 0.21412 | val: 0.066320 |  0
2026-04-25 22:07:05.222 | INFO     | experimental_utils:run_unicsl:475 - [ 251] train: 0.28280 0.00000 0.08831 0.19449 | val: 0.059209 |  0
2026-04-25 22:07:06.192 | INFO     | experimental_utils:run_unicsl:475 - [ 301] train: 0.25296 0.00000 0.07843 0.17453 | val: 0.053522 |  2
2026-04-25 22:07:07.172 | INFO     | experimental_utils:run_unicsl:475 - [ 351] train: 0.22474 0.00000 0.07036 0.15438 | val: 0.047045 |  1
2026-04-25 22:07:08.163 | INFO     | experimental_utils:run_unicsl:475 - [ 401] train: 0.19904 0.00000 0.06492 0.13412 | val: 0.042115 |  1
2026-04-25 22:07:09.162 | INFO     | experimental_utils:run_unicsl:475 - [ 451] train: 0.17282 0.00000 0.05898 0.11383 | val: 0.038022 |  1
2026-04-25 22:07:10.160 | INFO     | experimental_utils:run_unicsl:475 - [ 501] train: 0.14921 0.00000 0.05542 0.09379 | val: 0.033950 |  2
2026-04-25 22:07:11.154 | INFO     | experimental_utils:run_unicsl:475 - [ 551] train: 0.12323 0.00000 0.04944 0.07379 | val: 0.029399 |  1
2026-04-25 22:07:12.138 | INFO     | experimental_utils:run_unicsl:475 - [ 601] train: 0.10730 0.00000 0.04636 0.06094 | val: 0.025186 |  0
2026-04-25 22:07:13.117 | INFO     | experimental_utils:run_unicsl:475 - [ 651] train: 0.09917 0.00000 0.04281 0.05636 | val: 0.021903 |  0
2026-04-25 22:07:14.101 | INFO     | experimental_utils:run_unicsl:475 - [ 701] train: 0.09211 0.00000 0.04016 0.05194 | val: 0.020078 |  2
2026-04-25 22:07:15.100 | INFO     | experimental_utils:run_unicsl:475 - [ 751] train: 0.08557 0.00000 0.03796 0.04761 | val: 0.017744 |  3
2026-04-25 22:07:16.101 | INFO     | experimental_utils:run_unicsl:475 - [ 801] train: 0.08017 0.00000 0.03680 0.04337 | val: 0.015727 |  3
2026-04-25 22:07:17.099 | INFO     | experimental_utils:run_unicsl:475 - [ 851] train: 0.07402 0.00000 0.03468 0.03934 | val: 0.013811 |  5
2026-04-25 22:07:18.111 | INFO     | experimental_utils:run_unicsl:475 - [ 901] train: 0.06930 0.00000 0.03367 0.03563 | val: 0.012762 |  7
2026-04-25 22:07:19.119 | INFO     | experimental_utils:run_unicsl:475 - [ 951] train: 0.06473 0.00000 0.03247 0.03226 | val: 0.011670 |  0
2026-04-25 22:07:20.095 | INFO     | experimental_utils:run_unicsl:475 - [1000] train: 0.06144 0.00000 0.03228 0.02916 | val: 0.011823 |  6
2026-04-25 22:07:20.095 | INFO     | experimental_utils:run_unicsl:479 - JOINT STAGE
2026-04-25 22:07:20.129 | INFO     | experimental_utils:run_unicsl:552 - [1001] train: 1.04082 0.97074 0.03286 0.03723 | val: 0.966056 |  0
2026-04-25 22:07:21.735 | INFO     | experimental_utils:run_unicsl:552 - [1051] train: 0.34473 0.25185 0.04927 0.04361 | val: 0.205823 |  0
2026-04-25 22:07:23.335 | INFO     | experimental_utils:run_unicsl:552 - [1101] train: 0.23859 0.15266 0.04150 0.04443 | val: 0.117606 |  0
2026-04-25 22:07:24.928 | INFO     | experimental_utils:run_unicsl:552 - [1151] train: 0.20515 0.12481 0.03704 0.04330 | val: 0.095056 |  3
2026-04-25 22:07:26.522 | INFO     | experimental_utils:run_unicsl:552 - [1201] train: 0.19005 0.11349 0.03471 0.04185 | val: 0.084650 |  0
2026-04-25 22:07:28.107 | INFO     | experimental_utils:run_unicsl:552 - [1251] train: 0.17866 0.10461 0.03377 0.04028 | val: 0.079477 |  0
2026-04-25 22:07:29.684 | INFO     | experimental_utils:run_unicsl:552 - [1301] train: 0.17204 0.10228 0.03095 0.03881 | val: 0.077400 |  0
2026-04-25 22:07:31.261 | INFO     | experimental_utils:run_unicsl:552 - [1351] train: 0.16821 0.09951 0.03146 0.03724 | val: 0.074491 |  0
2026-04-25 22:07:32.838 | INFO     | experimental_utils:run_unicsl:552 - [1401] train: 0.16156 0.09622 0.02963 0.03571 | val: 0.073881 |  2
2026-04-25 22:07:34.415 | INFO     | experimental_utils:run_unicsl:552 - [1451] train: 0.15887 0.09482 0.02972 0.03433 | val: 0.073580 |  8
2026-04-25 22:07:35.998 | INFO     | experimental_utils:run_unicsl:552 - [1501] train: 0.15425 0.09355 0.02774 0.03296 | val: 0.071771 |  3
2026-04-25 22:07:37.581 | INFO     | experimental_utils:run_unicsl:552 - [1551] train: 0.15169 0.09194 0.02818 0.03156 | val: 0.070641 | 10
2026-04-25 22:07:39.166 | INFO     | experimental_utils:run_unicsl:552 - [1601] train: 0.14555 0.08873 0.02656 0.03026 | val: 0.069456 |  9
2026-04-25 22:07:40.753 | INFO     | experimental_utils:run_unicsl:552 - [1651] train: 0.14458 0.08924 0.02621 0.02914 | val: 0.069174 | 11
2026-04-25 22:07:42.338 | INFO     | experimental_utils:run_unicsl:552 - [1701] train: 0.14093 0.08741 0.02552 0.02800 | val: 0.068583 |  5
2026-04-25 22:07:43.921 | INFO     | experimental_utils:run_unicsl:552 - [1751] train: 0.14014 0.08742 0.02565 0.02707 | val: 0.068086 | 55
2026-04-25 22:07:45.506 | INFO     | experimental_utils:run_unicsl:552 - [1801] train: 0.13799 0.08610 0.02568 0.02621 | val: 0.068574 | 16
2026-04-25 22:07:47.092 | INFO     | experimental_utils:run_unicsl:552 - [1851] train: 0.13736 0.08670 0.02529 0.02537 | val: 0.067474 | 11
2026-04-25 22:07:48.676 | INFO     | experimental_utils:run_unicsl:552 - [1901] train: 0.13360 0.08477 0.02427 0.02456 | val: 0.066994 | 31
2026-04-25 22:07:50.256 | INFO     | experimental_utils:run_unicsl:552 - [1951] train: 0.13177 0.08456 0.02326 0.02396 | val: 0.067485 | 13
2026-04-25 22:07:51.840 | INFO     | experimental_utils:run_unicsl:552 - [2001] train: 0.13013 0.08385 0.02296 0.02332 | val: 0.066502 |  3
2026-04-25 22:07:53.488 | INFO     | experimental_utils:run_unicsl:552 - [2051] train: 0.13004 0.08356 0.02369 0.02279 | val: 0.066908 |  3
2026-04-25 22:07:55.085 | INFO     | experimental_utils:run_unicsl:552 - [2101] train: 0.12914 0.08460 0.02233 0.02221 | val: 0.066361 |  2
2026-04-25 22:07:56.670 | INFO     | experimental_utils:run_unicsl:552 - [2151] train: 0.12662 0.08246 0.02245 0.02171 | val: 0.066033 | 13
2026-04-25 22:07:58.306 | INFO     | experimental_utils:run_unicsl:552 - [2201] train: 0.12600 0.08230 0.02249 0.02121 | val: 0.065912 |  8
2026-04-25 22:07:59.959 | INFO     | experimental_utils:run_unicsl:552 - [2251] train: 0.12498 0.08250 0.02164 0.02084 | val: 0.065411 |  4
2026-04-25 22:08:01.551 | INFO     | experimental_utils:run_unicsl:552 - [2301] train: 0.12230 0.08104 0.02095 0.02031 | val: 0.065519 | 16
2026-04-25 22:08:03.134 | INFO     | experimental_utils:run_unicsl:552 - [2351] train: 0.12181 0.08054 0.02136 0.01992 | val: 0.065523 |  2
2026-04-25 22:08:04.715 | INFO     | experimental_utils:run_unicsl:552 - [2401] train: 0.12227 0.08117 0.02151 0.01958 | val: 0.064702 |  2
2026-04-25 22:08:06.296 | INFO     | experimental_utils:run_unicsl:552 - [2451] train: 0.11943 0.07963 0.02057 0.01923 | val: 0.064784 | 15
2026-04-25 22:08:07.881 | INFO     | experimental_utils:run_unicsl:552 - [2501] train: 0.11965 0.08076 0.01996 0.01892 | val: 0.064715 |  5
2026-04-25 22:08:09.474 | INFO     | experimental_utils:run_unicsl:552 - [2551] train: 0.11952 0.08092 0.01998 0.01862 | val: 0.064134 | 10
2026-04-25 22:08:11.061 | INFO     | experimental_utils:run_unicsl:552 - [2601] train: 0.11898 0.08036 0.02028 0.01834 | val: 0.064161 | 10
2026-04-25 22:08:12.664 | INFO     | experimental_utils:run_unicsl:552 - [2651] train: 0.11707 0.07933 0.01966 0.01808 | val: 0.064024 |  4
2026-04-25 22:08:14.245 | INFO     | experimental_utils:run_unicsl:552 - [2701] train: 0.11711 0.07948 0.01980 0.01783 | val: 0.063678 |  5
2026-04-25 22:08:15.827 | INFO     | experimental_utils:run_unicsl:552 - [2751] train: 0.11415 0.07768 0.01890 0.01756 | val: 0.063633 | 23
2026-04-25 22:08:17.407 | INFO     | experimental_utils:run_unicsl:552 - [2801] train: 0.11330 0.07727 0.01865 0.01737 | val: 0.063300 | 47
2026-04-25 22:08:18.987 | INFO     | experimental_utils:run_unicsl:552 - [2851] train: 0.11496 0.07962 0.01824 0.01710 | val: 0.063189 |  4
2026-04-25 22:08:20.567 | INFO     | experimental_utils:run_unicsl:552 - [2901] train: 0.11295 0.07735 0.01864 0.01696 | val: 0.063189 | 32
2026-04-25 22:08:22.148 | INFO     | experimental_utils:run_unicsl:552 - [2951] train: 0.11143 0.07631 0.01835 0.01677 | val: 0.063214 | 23
2026-04-25 22:08:23.695 | INFO     | experimental_utils:run_unicsl:552 - [3000] train: 0.11146 0.07656 0.01833 0.01656 | val: 0.062755 |  1
2026-04-25 22:08:23.721 | INFO     | experimental_utils:run_unicsl:356 - ===== LOGGER =====
2026-04-25 22:08:23.722 | INFO     | experimental_utils:run_unicsl:357 - logger path: unicsl_logs/unicsl_nc8/unicsl_nc8.log
2026-04-25 22:08:23.722 | INFO     | experimental_utils:run_unicsl:375 - {'learning_rate': 0.0003, 'pred_len': 1, 'lag': 1, 'eval_var_batch_size': 8, 'reconstruction_epochs': 1000, 'joint_epochs': 2000, 'stop_epoch': 3000, 'cuda_device': 'cuda:0', 'print_freq': 50, 'n_encoder_layers': 6, 'n_encoder_channels': 20, 'n_kernel_size': 8}
2026-04-25 22:08:23.722 | INFO     | experimental_utils:run_unicsl:384 - data length: 2000
2026-04-25 22:08:23.722 | INFO     | experimental_utils:run_unicsl:386 - ***** SEED 0 *****
2026-04-25 22:08:23.732 | INFO     | experimental_utils:run_unicsl:393 - training model params
2026-04-25 22:08:23.733 | INFO     | experimental_utils:run_unicsl:407 - RECONSTRUCTION STAGE
2026-04-25 22:08:23.755 | INFO     | experimental_utils:run_unicsl:475 - [   1] train: 1.57743 0.00000 1.29057 0.28687 | val: 1.060494 |  0
2026-04-25 22:08:24.724 | INFO     | experimental_utils:run_unicsl:475 - [  51] train: 0.50710 0.00000 0.23607 0.27102 | val: 0.182968 |  0
2026-04-25 22:08:25.694 | INFO     | experimental_utils:run_unicsl:475 - [ 101] train: 0.39676 0.00000 0.14413 0.25263 | val: 0.098852 |  0
2026-04-25 22:08:26.663 | INFO     | experimental_utils:run_unicsl:475 - [ 151] train: 0.34699 0.00000 0.11331 0.23368 | val: 0.076777 |  0
2026-04-25 22:08:27.633 | INFO     | experimental_utils:run_unicsl:475 - [ 201] train: 0.31139 0.00000 0.09723 0.21416 | val: 0.066157 |  0
2026-04-25 22:08:28.602 | INFO     | experimental_utils:run_unicsl:475 - [ 251] train: 0.28057 0.00000 0.08596 0.19461 | val: 0.060619 |  2
2026-04-25 22:08:29.575 | INFO     | experimental_utils:run_unicsl:475 - [ 301] train: 0.25455 0.00000 0.07976 0.17479 | val: 0.054382 |  0
2026-04-25 22:08:30.553 | INFO     | experimental_utils:run_unicsl:475 - [ 351] train: 0.22806 0.00000 0.07326 0.15480 | val: 0.049640 |  4
2026-04-25 22:08:31.533 | INFO     | experimental_utils:run_unicsl:475 - [ 401] train: 0.20249 0.00000 0.06783 0.13467 | val: 0.044451 |  0
2026-04-25 22:08:32.513 | INFO     | experimental_utils:run_unicsl:475 - [ 451] train: 0.17606 0.00000 0.06152 0.11454 | val: 0.041069 |  2
2026-04-25 22:08:33.490 | INFO     | experimental_utils:run_unicsl:475 - [ 501] train: 0.15046 0.00000 0.05579 0.09467 | val: 0.034465 |  3
2026-04-25 22:08:34.467 | INFO     | experimental_utils:run_unicsl:475 - [ 551] train: 0.12580 0.00000 0.05096 0.07483 | val: 0.029651 |  5
2026-04-25 22:08:35.445 | INFO     | experimental_utils:run_unicsl:475 - [ 601] train: 0.10917 0.00000 0.04663 0.06254 | val: 0.025180 |  1
2026-04-25 22:08:36.419 | INFO     | experimental_utils:run_unicsl:475 - [ 651] train: 0.10233 0.00000 0.04432 0.05801 | val: 0.021512 |  1
2026-04-25 22:08:37.391 | INFO     | experimental_utils:run_unicsl:475 - [ 701] train: 0.09298 0.00000 0.03949 0.05349 | val: 0.019089 |  2
2026-04-25 22:08:38.375 | INFO     | experimental_utils:run_unicsl:475 - [ 751] train: 0.08691 0.00000 0.03782 0.04908 | val: 0.016684 | 12
2026-04-25 22:08:39.349 | INFO     | experimental_utils:run_unicsl:475 - [ 801] train: 0.08009 0.00000 0.03536 0.04473 | val: 0.014765 |  1
2026-04-25 22:08:40.319 | INFO     | experimental_utils:run_unicsl:475 - [ 851] train: 0.07414 0.00000 0.03362 0.04051 | val: 0.014022 |  8
2026-04-25 22:08:41.292 | INFO     | experimental_utils:run_unicsl:475 - [ 901] train: 0.06987 0.00000 0.03328 0.03659 | val: 0.012616 |  7
2026-04-25 22:08:42.273 | INFO     | experimental_utils:run_unicsl:475 - [ 951] train: 0.06429 0.00000 0.03125 0.03304 | val: 0.011397 |  4
2026-04-25 22:08:43.249 | INFO     | experimental_utils:run_unicsl:475 - [1000] train: 0.06089 0.00000 0.03113 0.02977 | val: 0.012016 |  2
2026-04-25 22:08:43.249 | INFO     | experimental_utils:run_unicsl:479 - JOINT STAGE
2026-04-25 22:08:43.282 | INFO     | experimental_utils:run_unicsl:552 - [1001] train: 1.04211 0.97297 0.03129 0.03785 | val: 0.969254 |  0
2026-04-25 22:08:44.942 | INFO     | experimental_utils:run_unicsl:552 - [1051] train: 0.34741 0.25659 0.04690 0.04392 | val: 0.207478 |  0
2026-04-25 22:08:46.530 | INFO     | experimental_utils:run_unicsl:552 - [1101] train: 0.24180 0.15961 0.03790 0.04429 | val: 0.117119 |  1
2026-04-25 22:08:48.113 | INFO     | experimental_utils:run_unicsl:552 - [1151] train: 0.21035 0.13169 0.03561 0.04306 | val: 0.098482 |  1
2026-04-25 22:08:49.697 | INFO     | experimental_utils:run_unicsl:552 - [1201] train: 0.19506 0.11808 0.03516 0.04182 | val: 0.089069 |  2
2026-04-25 22:08:51.281 | INFO     | experimental_utils:run_unicsl:552 - [1251] train: 0.18316 0.10977 0.03299 0.04041 | val: 0.082854 |  0
2026-04-25 22:08:52.868 | INFO     | experimental_utils:run_unicsl:552 - [1301] train: 0.17712 0.10794 0.03030 0.03889 | val: 0.080122 |  1
2026-04-25 22:08:54.453 | INFO     | experimental_utils:run_unicsl:552 - [1351] train: 0.17156 0.10313 0.03105 0.03739 | val: 0.078734 |  7
2026-04-25 22:08:56.040 | INFO     | experimental_utils:run_unicsl:552 - [1401] train: 0.16631 0.10070 0.02973 0.03589 | val: 0.075862 |  1
2026-04-25 22:08:57.634 | INFO     | experimental_utils:run_unicsl:552 - [1451] train: 0.16051 0.09655 0.02950 0.03446 | val: 0.075175 |  3
2026-04-25 22:08:59.251 | INFO     | experimental_utils:run_unicsl:552 - [1501] train: 0.15532 0.09376 0.02850 0.03306 | val: 0.074617 | 15
2026-04-25 22:09:00.890 | INFO     | experimental_utils:run_unicsl:552 - [1551] train: 0.15331 0.09334 0.02818 0.03179 | val: 0.072806 | 19
2026-04-25 22:09:02.517 | INFO     | experimental_utils:run_unicsl:552 - [1601] train: 0.15102 0.09308 0.02734 0.03060 | val: 0.072195 |  2
2026-04-25 22:09:04.137 | INFO     | experimental_utils:run_unicsl:552 - [1651] train: 0.14857 0.09131 0.02782 0.02943 | val: 0.071310 | 31
2026-04-25 22:09:05.749 | INFO     | experimental_utils:run_unicsl:552 - [1701] train: 0.14529 0.09025 0.02661 0.02843 | val: 0.072424 | 13
2026-04-25 22:09:07.351 | INFO     | experimental_utils:run_unicsl:552 - [1751] train: 0.14552 0.09089 0.02722 0.02741 | val: 0.071387 |  2
2026-04-25 22:09:08.955 | INFO     | experimental_utils:run_unicsl:552 - [1801] train: 0.14096 0.08789 0.02650 0.02656 | val: 0.069853 | 20
2026-04-25 22:09:10.589 | INFO     | experimental_utils:run_unicsl:552 - [1851] train: 0.13885 0.08670 0.02636 0.02578 | val: 0.069227 |  1
2026-04-25 22:09:12.184 | INFO     | experimental_utils:run_unicsl:552 - [1901] train: 0.13750 0.08696 0.02559 0.02495 | val: 0.069846 | 10
2026-04-25 22:09:13.787 | INFO     | experimental_utils:run_unicsl:552 - [1951] train: 0.13594 0.08627 0.02531 0.02436 | val: 0.068633 | 13
2026-04-25 22:09:15.375 | INFO     | experimental_utils:run_unicsl:552 - [2001] train: 0.13402 0.08587 0.02448 0.02367 | val: 0.069050 | 28
2026-04-25 22:09:16.952 | INFO     | experimental_utils:run_unicsl:552 - [2051] train: 0.13469 0.08722 0.02445 0.02302 | val: 0.068008 |  1
2026-04-25 22:09:18.571 | INFO     | experimental_utils:run_unicsl:552 - [2101] train: 0.13255 0.08583 0.02422 0.02250 | val: 0.068045 |  3
2026-04-25 22:09:20.208 | INFO     | experimental_utils:run_unicsl:552 - [2151] train: 0.13275 0.08642 0.02424 0.02209 | val: 0.068150 | 18
2026-04-25 22:09:21.788 | INFO     | experimental_utils:run_unicsl:552 - [2201] train: 0.13043 0.08577 0.02316 0.02150 | val: 0.067131 | 10
2026-04-25 22:09:23.370 | INFO     | experimental_utils:run_unicsl:552 - [2251] train: 0.12830 0.08335 0.02388 0.02107 | val: 0.067000 |  4
2026-04-25 22:09:24.953 | INFO     | experimental_utils:run_unicsl:552 - [2301] train: 0.12968 0.08551 0.02343 0.02074 | val: 0.067385 |  5
2026-04-25 22:09:26.536 | INFO     | experimental_utils:run_unicsl:552 - [2351] train: 0.12644 0.08349 0.02255 0.02040 | val: 0.066765 | 12
2026-04-25 22:09:28.118 | INFO     | experimental_utils:run_unicsl:552 - [2401] train: 0.12440 0.08198 0.02244 0.01999 | val: 0.066318 | 38
2026-04-25 22:09:29.701 | INFO     | experimental_utils:run_unicsl:552 - [2451] train: 0.12301 0.08192 0.02144 0.01966 | val: 0.067182 | 15
2026-04-25 22:09:31.283 | INFO     | experimental_utils:run_unicsl:552 - [2501] train: 0.12290 0.08171 0.02190 0.01929 | val: 0.066768 | 10
2026-04-25 22:09:32.863 | INFO     | experimental_utils:run_unicsl:552 - [2551] train: 0.12173 0.08180 0.02082 0.01911 | val: 0.067132 |  1
2026-04-25 22:09:34.442 | INFO     | experimental_utils:run_unicsl:552 - [2601] train: 0.12138 0.08142 0.02115 0.01881 | val: 0.066052 |  7
2026-04-25 22:09:36.018 | INFO     | experimental_utils:run_unicsl:552 - [2651] train: 0.12048 0.08055 0.02131 0.01861 | val: 0.065591 |  0
2026-04-25 22:09:37.598 | INFO     | experimental_utils:run_unicsl:552 - [2701] train: 0.11856 0.08030 0.01989 0.01837 | val: 0.065710 | 11
2026-04-25 22:09:39.174 | INFO     | experimental_utils:run_unicsl:552 - [2751] train: 0.11954 0.08143 0.02010 0.01800 | val: 0.066397 | 18
2026-04-25 22:09:40.750 | INFO     | experimental_utils:run_unicsl:552 - [2801] train: 0.11867 0.08044 0.02037 0.01785 | val: 0.065553 |  2
2026-04-25 22:09:42.327 | INFO     | experimental_utils:run_unicsl:552 - [2851] train: 0.11662 0.07936 0.01970 0.01756 | val: 0.065347 | 15
2026-04-25 22:09:43.904 | INFO     | experimental_utils:run_unicsl:552 - [2901] train: 0.11592 0.07947 0.01908 0.01736 | val: 0.065610 |  8
2026-04-25 22:09:45.479 | INFO     | experimental_utils:run_unicsl:552 - [2951] train: 0.11993 0.08319 0.01947 0.01728 | val: 0.065532 | 24
2026-04-25 22:09:47.023 | INFO     | experimental_utils:run_unicsl:552 - [3000] train: 0.11478 0.07891 0.01886 0.01700 | val: 0.065207 | 11
2026-04-25 22:09:47.048 | INFO     | experimental_utils:run_unicsl:356 - ===== LOGGER =====
2026-04-25 22:09:47.048 | INFO     | experimental_utils:run_unicsl:357 - logger path: unicsl_logs/unicsl_nc8/unicsl_nc8.log
2026-04-25 22:09:47.048 | INFO     | experimental_utils:run_unicsl:375 - {'learning_rate': 0.0003, 'pred_len': 1, 'lag': 1, 'eval_var_batch_size': 8, 'reconstruction_epochs': 1000, 'joint_epochs': 2000, 'stop_epoch': 3000, 'cuda_device': 'cuda:0', 'print_freq': 50, 'n_encoder_layers': 6, 'n_encoder_channels': 20, 'n_kernel_size': 8}
2026-04-25 22:09:47.048 | INFO     | experimental_utils:run_unicsl:384 - data length: 2000
2026-04-25 22:09:47.048 | INFO     | experimental_utils:run_unicsl:386 - ***** SEED 0 *****
2026-04-25 22:09:47.058 | INFO     | experimental_utils:run_unicsl:393 - training model params
2026-04-25 22:09:47.059 | INFO     | experimental_utils:run_unicsl:407 - RECONSTRUCTION STAGE
2026-04-25 22:09:47.081 | INFO     | experimental_utils:run_unicsl:475 - [   1] train: 1.58532 0.00000 1.29846 0.28687 | val: 1.063759 |  0
2026-04-25 22:09:48.048 | INFO     | experimental_utils:run_unicsl:475 - [  51] train: 0.50473 0.00000 0.23364 0.27108 | val: 0.177155 |  0
2026-04-25 22:09:49.071 | INFO     | experimental_utils:run_unicsl:475 - [ 101] train: 0.39576 0.00000 0.14325 0.25251 | val: 0.098592 |  0
2026-04-25 22:09:50.070 | INFO     | experimental_utils:run_unicsl:475 - [ 151] train: 0.34982 0.00000 0.11628 0.23354 | val: 0.077414 |  0
2026-04-25 22:09:51.101 | INFO     | experimental_utils:run_unicsl:475 - [ 201] train: 0.31246 0.00000 0.09842 0.21403 | val: 0.067988 |  4
2026-04-25 22:09:52.092 | INFO     | experimental_utils:run_unicsl:475 - [ 251] train: 0.28134 0.00000 0.08679 0.19454 | val: 0.060209 |  3
2026-04-25 22:09:53.062 | INFO     | experimental_utils:run_unicsl:475 - [ 301] train: 0.25277 0.00000 0.07795 0.17482 | val: 0.053775 |  0
2026-04-25 22:09:54.034 | INFO     | experimental_utils:run_unicsl:475 - [ 351] train: 0.22465 0.00000 0.06972 0.15493 | val: 0.048985 |  0
2026-04-25 22:09:55.005 | INFO     | experimental_utils:run_unicsl:475 - [ 401] train: 0.19883 0.00000 0.06389 0.13494 | val: 0.043743 |  0
2026-04-25 22:09:55.973 | INFO     | experimental_utils:run_unicsl:475 - [ 451] train: 0.17349 0.00000 0.05856 0.11493 | val: 0.040403 |  6
2026-04-25 22:09:56.948 | INFO     | experimental_utils:run_unicsl:475 - [ 501] train: 0.14780 0.00000 0.05258 0.09521 | val: 0.034670 |  0
2026-04-25 22:09:57.934 | INFO     | experimental_utils:run_unicsl:475 - [ 551] train: 0.12213 0.00000 0.04671 0.07542 | val: 0.027809 |  0
2026-04-25 22:09:58.931 | INFO     | experimental_utils:run_unicsl:475 - [ 601] train: 0.10538 0.00000 0.04219 0.06319 | val: 0.023909 |  0
2026-04-25 22:09:59.939 | INFO     | experimental_utils:run_unicsl:475 - [ 651] train: 0.09582 0.00000 0.03794 0.05788 | val: 0.021035 |  6
2026-04-25 22:10:00.919 | INFO     | experimental_utils:run_unicsl:475 - [ 701] train: 0.08867 0.00000 0.03584 0.05283 | val: 0.016704 |  1
2026-04-25 22:10:01.900 | INFO     | experimental_utils:run_unicsl:475 - [ 751] train: 0.08112 0.00000 0.03309 0.04803 | val: 0.014641 |  0
2026-04-25 22:10:02.880 | INFO     | experimental_utils:run_unicsl:475 - [ 801] train: 0.07592 0.00000 0.03237 0.04355 | val: 0.013783 |  7
2026-04-25 22:10:03.855 | INFO     | experimental_utils:run_unicsl:475 - [ 851] train: 0.07110 0.00000 0.03175 0.03936 | val: 0.012397 |  4
2026-04-25 22:10:04.828 | INFO     | experimental_utils:run_unicsl:475 - [ 901] train: 0.06637 0.00000 0.03086 0.03551 | val: 0.011801 |  1
2026-04-25 22:10:05.800 | INFO     | experimental_utils:run_unicsl:475 - [ 951] train: 0.06205 0.00000 0.02998 0.03206 | val: 0.011470 | 16
2026-04-25 22:10:06.758 | INFO     | experimental_utils:run_unicsl:475 - [1000] train: 0.05789 0.00000 0.02903 0.02887 | val: 0.011759 |  6
2026-04-25 22:10:06.759 | INFO     | experimental_utils:run_unicsl:479 - JOINT STAGE
2026-04-25 22:10:06.791 | INFO     | experimental_utils:run_unicsl:552 - [1001] train: 1.03871 0.97228 0.02949 0.03694 | val: 0.969285 |  0
2026-04-25 22:10:08.380 | INFO     | experimental_utils:run_unicsl:552 - [1051] train: 0.34402 0.25384 0.04790 0.04228 | val: 0.210200 |  0
2026-04-25 22:10:10.001 | INFO     | experimental_utils:run_unicsl:552 - [1101] train: 0.24064 0.15813 0.03862 0.04389 | val: 0.119734 |  0
2026-04-25 22:10:11.583 | INFO     | experimental_utils:run_unicsl:552 - [1151] train: 0.21355 0.13501 0.03529 0.04324 | val: 0.099156 |  0
2026-04-25 22:10:13.167 | INFO     | experimental_utils:run_unicsl:552 - [1201] train: 0.19438 0.11890 0.03316 0.04232 | val: 0.090266 |  2
2026-04-25 22:10:14.754 | INFO     | experimental_utils:run_unicsl:552 - [1251] train: 0.18553 0.11226 0.03202 0.04125 | val: 0.084594 |  2
2026-04-25 22:10:16.340 | INFO     | experimental_utils:run_unicsl:552 - [1301] train: 0.17821 0.10554 0.03245 0.04022 | val: 0.080755 |  7
2026-04-25 22:10:17.928 | INFO     | experimental_utils:run_unicsl:552 - [1351] train: 0.17268 0.10264 0.03084 0.03921 | val: 0.077951 |  4
2026-04-25 22:10:19.514 | INFO     | experimental_utils:run_unicsl:552 - [1401] train: 0.16829 0.10030 0.02988 0.03811 | val: 0.075466 |  5
2026-04-25 22:10:21.099 | INFO     | experimental_utils:run_unicsl:552 - [1451] train: 0.16055 0.09605 0.02749 0.03701 | val: 0.073954 |  2
2026-04-25 22:10:22.684 | INFO     | experimental_utils:run_unicsl:552 - [1501] train: 0.15766 0.09392 0.02785 0.03589 | val: 0.072601 | 12
2026-04-25 22:10:24.271 | INFO     | experimental_utils:run_unicsl:552 - [1551] train: 0.15208 0.08999 0.02747 0.03462 | val: 0.072333 |  1
2026-04-25 22:10:25.858 | INFO     | experimental_utils:run_unicsl:552 - [1601] train: 0.15292 0.09225 0.02724 0.03343 | val: 0.070895 |  4
2026-04-25 22:10:27.448 | INFO     | experimental_utils:run_unicsl:552 - [1651] train: 0.14783 0.08895 0.02661 0.03227 | val: 0.069451 |  5
2026-04-25 22:10:29.034 | INFO     | experimental_utils:run_unicsl:552 - [1701] train: 0.14525 0.08747 0.02666 0.03112 | val: 0.068459 |  8
2026-04-25 22:10:30.620 | INFO     | experimental_utils:run_unicsl:552 - [1751] train: 0.14185 0.08607 0.02572 0.03006 | val: 0.067681 |  9
2026-04-25 22:10:32.206 | INFO     | experimental_utils:run_unicsl:552 - [1801] train: 0.13902 0.08534 0.02455 0.02912 | val: 0.067147 | 15
2026-04-25 22:10:33.792 | INFO     | experimental_utils:run_unicsl:552 - [1851] train: 0.13709 0.08397 0.02510 0.02803 | val: 0.066535 |  3
2026-04-25 22:10:35.377 | INFO     | experimental_utils:run_unicsl:552 - [1901] train: 0.13631 0.08486 0.02419 0.02726 | val: 0.066731 |  5
2026-04-25 22:10:36.963 | INFO     | experimental_utils:run_unicsl:552 - [1951] train: 0.13447 0.08407 0.02408 0.02632 | val: 0.066357 | 13
2026-04-25 22:10:38.548 | INFO     | experimental_utils:run_unicsl:552 - [2001] train: 0.13110 0.08161 0.02387 0.02561 | val: 0.065165 | 27
2026-04-25 22:10:40.132 | INFO     | experimental_utils:run_unicsl:552 - [2051] train: 0.13077 0.08167 0.02408 0.02502 | val: 0.065563 |  7
2026-04-25 22:10:41.715 | INFO     | experimental_utils:run_unicsl:552 - [2101] train: 0.12987 0.08270 0.02279 0.02438 | val: 0.064314 |  0
2026-04-25 22:10:43.362 | INFO     | experimental_utils:run_unicsl:552 - [2151] train: 0.12856 0.08209 0.02264 0.02383 | val: 0.064198 | 16
2026-04-25 22:10:45.016 | INFO     | experimental_utils:run_unicsl:552 - [2201] train: 0.12462 0.07884 0.02255 0.02323 | val: 0.064746 | 16
2026-04-25 22:10:46.609 | INFO     | experimental_utils:run_unicsl:552 - [2251] train: 0.12636 0.08045 0.02303 0.02288 | val: 0.063840 |  8
2026-04-25 22:10:48.282 | INFO     | experimental_utils:run_unicsl:552 - [2301] train: 0.12302 0.07894 0.02179 0.02229 | val: 0.062951 |  0
2026-04-25 22:10:49.886 | INFO     | experimental_utils:run_unicsl:552 - [2351] train: 0.12418 0.08010 0.02222 0.02186 | val: 0.063244 |  2
2026-04-25 22:10:51.482 | INFO     | experimental_utils:run_unicsl:552 - [2401] train: 0.12145 0.07847 0.02155 0.02142 | val: 0.063010 | 10
2026-04-25 22:10:53.069 | INFO     | experimental_utils:run_unicsl:552 - [2451] train: 0.12010 0.07777 0.02126 0.02108 | val: 0.063350 | 17
2026-04-25 22:10:54.680 | INFO     | experimental_utils:run_unicsl:552 - [2501] train: 0.12071 0.07868 0.02130 0.02073 | val: 0.063068 |  1
2026-04-25 22:10:56.271 | INFO     | experimental_utils:run_unicsl:552 - [2551] train: 0.11787 0.07673 0.02077 0.02037 | val: 0.063112 | 17
2026-04-25 22:10:57.859 | INFO     | experimental_utils:run_unicsl:552 - [2601] train: 0.11598 0.07582 0.02002 0.02014 | val: 0.062204 |  7
2026-04-25 22:10:59.448 | INFO     | experimental_utils:run_unicsl:552 - [2651] train: 0.11645 0.07636 0.02026 0.01983 | val: 0.061415 | 21
2026-04-25 22:11:01.044 | INFO     | experimental_utils:run_unicsl:552 - [2701] train: 0.11422 0.07561 0.01906 0.01954 | val: 0.062536 | 31
2026-04-25 22:11:02.631 | INFO     | experimental_utils:run_unicsl:552 - [2751] train: 0.11408 0.07539 0.01946 0.01923 | val: 0.060853 |  1
2026-04-25 22:11:04.219 | INFO     | experimental_utils:run_unicsl:552 - [2801] train: 0.11438 0.07564 0.01965 0.01910 | val: 0.060562 |  7
2026-04-25 22:11:05.812 | INFO     | experimental_utils:run_unicsl:552 - [2851] train: 0.11205 0.07397 0.01925 0.01884 | val: 0.060517 | 23
2026-04-25 22:11:07.397 | INFO     | experimental_utils:run_unicsl:552 - [2901] train: 0.11170 0.07465 0.01848 0.01856 | val: 0.060201 |  6
2026-04-25 22:11:08.981 | INFO     | experimental_utils:run_unicsl:552 - [2951] train: 0.11211 0.07498 0.01874 0.01839 | val: 0.059941 |  0
2026-04-25 22:11:10.537 | INFO     | experimental_utils:run_unicsl:552 - [3000] train: 0.10997 0.07427 0.01757 0.01813 | val: 0.060008 | 21
